This is pdfTeX, Version 3.1415926-2.5-1.40.14 (TeX Live 2013/MacPorts 2013_5) (format=latex 2013.11.13)  16 JAN 2014 11:25
entering extended mode
 restricted \write18 enabled.
 %&-line parsing enabled.
**aebd4994019651e611d6ff7ec04ad2d2.tex
(./aebd4994019651e611d6ff7ec04ad2d2.tex
LaTeX2e <2011/06/27>
Babel <3.9f> and hyphenation patterns for 43 languages loaded.
(/opt/local/share/texmf-texlive/tex/latex/base/article.cls
Document Class: article 2007/10/19 v1.4h Standard LaTeX document class
(/opt/local/share/texmf-texlive/tex/latex/base/size10.clo
File: size10.clo 2007/10/19 v1.4h Standard LaTeX file (size option)
)
\c@part=\count79
\c@section=\count80
\c@subsection=\count81
\c@subsubsection=\count82
\c@paragraph=\count83
\c@subparagraph=\count84
\c@figure=\count85
\c@table=\count86
\abovecaptionskip=\skip41
\belowcaptionskip=\skip42
\bibindent=\dimen102
)

! LaTeX Error: File `type1cm.sty' not found.

Type X to quit or <RETURN> to proceed,
or enter new name. (Default extension: sty)

Enter file name: 
! Emergency stop.
<read *> 
         
l.3 \renewcommand
                 {\rmdefault}{pnc}^^M
*** (cannot \read from terminal in nonstop modes)

 
Here is how much of TeX's memory you used:
 200 strings out of 494228
 2255 string characters out of 6157729
 48936 words of memory out of 5000000
 3573 multiletter control sequences out of 15000+600000
 3640 words of font info for 14 fonts, out of 8000000 for 9000
 430 hyphenation exceptions out of 8191
 23i,0n,17p,183b,36s stack positions out of 5000i,500n,10000p,200000b,80000s
No pages of output.
