[ 0.1202535   0.12094477  0.12164039  0.12234039  0.1230448   0.12375365
  0.12446695  0.12518476  0.12590708  0.12663397  0.12736544  0.12810152
  0.12884225  0.12958765  0.13033776  0.13109262  0.13185224  0.13261666
  0.13338592  0.13416004  0.13493906  0.13572301  0.13651193  0.13730584
  0.13810477  0.13890877  0.13971787  0.1405321   0.14135148  0.14217607
  0.14300589  0.14384097  0.14468136  0.14552708  0.14637817  0.14723467
  0.14809661  0.14896403  0.14983697  0.15071545  0.15159953  0.15248923
  0.15338459  0.15428565  0.15519244  0.15610502  0.1570234   0.15794763
  0.15887776  0.15981381  0.16075583  0.16170386  0.16265793  0.16361808
  0.16458437  0.16555682  0.16653547  0.16752037  0.16851157  0.16950909
  0.17051298  0.17152328  0.17254004  0.1735633   0.17459309  0.17562947
  0.17667247  0.17772215  0.17877853  0.17984167  0.18091162  0.1819884
  0.18307208  0.18416269  0.18526028  0.1863649   0.18747659  0.18859539
  0.18972136  0.19085453  0.19199497  0.19314271  0.19429779  0.19546028
  0.19663022  0.19780765  0.19899262  0.20018519  0.20138539  0.20259329
  0.20380893  0.20503236  0.20626363  0.2075028   0.2087499   0.210005
  0.21126814  0.21253938  0.21381877  0.21510635  0.2164022   0.21770634
  0.21901885  0.22033977  0.22166916  0.22300706  0.22435355  0.22570866
  0.22707245  0.22844499  0.22982632  0.2312165   0.2326156   0.23402365
  0.23544072  0.23686688  0.23830217  0.23974665  0.24120038  0.24266342
  0.24413583  0.24561766  0.24710898  0.24860985  0.25012032  0.25164046
  0.25317032  0.25470997  0.25625946  0.25781887  0.25938824  0.26096765
  0.26255715  0.26415681  0.26576669  0.26738685  0.26901736  0.27065828
  0.27230968  0.27397161  0.27564415  0.27732736  0.2790213   0.28072604
  0.28244164  0.28416818  0.28590571  0.28765432  0.28941405  0.29118498
  0.29296718  0.29476072  0.29656566  0.29838207  0.30021002  0.30204958
  0.30390083  0.30576382  0.30763863  0.30952533  0.311424    0.31333469
  0.31525749  0.31719246  0.31913968  0.32109921  0.32307114  0.32505552
  0.32705245  0.32906198  0.3310842   0.33311917  0.33516697  0.33722767
  0.33930135  0.34138809  0.34348795  0.34560102  0.34772736  0.34986706
  0.35202019  0.35418683  0.35636705  0.35856093  0.36076854  0.36298997
  0.36522529  0.36747457  0.3697379   0.37201536  0.37430702  0.37661295
  0.37893325  0.38126799  0.38361724  0.38598108  0.3883596   0.39075288
  0.39316099  0.39558401  0.39802203  0.40047512  0.40294336  0.40542684
  0.40792564  0.41043983  0.4129695   0.41551472  0.41807559  0.42065217
  0.42324456  0.42585282  0.42847705  0.43111733  0.43377373  0.43644635
  0.43913525  0.44184053  0.44456226  0.44730052  0.45005541  0.45282699
  0.45561536  0.45842059  0.46124277  0.46408197  0.46693829  0.4698118
  0.47270258  0.47561071  0.47853629  0.48147938  0.48444007  0.48741845
  0.49041459  0.49342857  0.49646049  0.49951041  0.50257841  0.50566459
  0.50876902  0.51189178  0.51503295  0.51819261  0.52137084  0.52456772
  0.52778333  0.53101775  0.53427107  0.53754334  0.54083467  0.54414511
  0.54747476  0.55082369  0.55419197  0.55757968  0.56098691  0.56441372
  0.56786019  0.5713264   0.57481242  0.57831832  0.58184418  0.58539007
  0.58895607  0.59254225  0.59614868  0.59977543  0.60342256  0.60709016
  0.6107783   0.61448703  0.61821643  0.62196656  0.6257375   0.62952931
  0.63334205  0.63717579  0.6410306   0.64490653  0.64880365  0.65272202
  0.6566617   0.66062275  0.66460524  0.66860921  0.67263472  0.67668184
  0.68075062  0.6848411   0.68895335  0.69308742  0.69724336  0.70142121
  0.70562103  0.70984286  0.71408675  0.71835275  0.7226409   0.72695124
  0.73128382  0.73563867  0.74001583  0.74441535  0.74883725  0.75328158
  0.75774836  0.76223763  0.76674942  0.77128375  0.77584066  0.78042016
  0.78502229  0.78964707  0.79429451  0.79896464  0.80365747  0.80837302
  0.81311131  0.81787233  0.82265611  0.82746266  0.83229197  0.83714405
  0.84201891  0.84691654  0.85183695  0.85678013  0.86174606  0.86673476
  0.87174619  0.87678036  0.88183725  0.88691683  0.89201909  0.89714401
  0.90229156  0.90746172  0.91265445  0.91786973  0.92310752  0.92836778
  0.93365047  0.93895556  0.94428299  0.94963271  0.95500469  0.96039885
  0.96581516  0.97125354  0.97671394  0.98219629  0.98770052  0.99322656
  0.99877435  1.00434379  1.0099348   1.01554732  1.02118124  1.02683648
  1.03251295  1.03821054  1.04392916  1.04966871  1.05542907  1.06121013
  1.06701179  1.07283392  1.0786764   1.08453911  1.09042192  1.09632469
  1.10224729  1.10818958  1.11415141  1.12013264  1.12613312  1.13215269
  1.13819118  1.14424844  1.1503243   1.15641858  1.16253112  1.16866172
  1.17481021  1.1809764   1.18716009  1.19336108  1.19957918  1.20581418
  1.21206587  1.21833403  1.22461844  1.23091889  1.23723514  1.24356695
  1.2499141   1.25627634  1.26265342  1.2690451   1.27545111  1.28187119
  1.28830509  1.29475252  1.30121322  1.30768691  1.31417329  1.32067209
  1.327183    1.33370573  1.34023997  1.34678542  1.35334176  1.35990867
  1.36648582  1.37307289  1.37966955  1.38627546  1.39289026  1.39951362
  1.40614518  1.41278457  1.41943145  1.42608543  1.43274614  1.4394132
  1.44608624  1.45276485  1.45944865  1.46613724  1.4728302   1.47952714
  1.48622764  1.49293128  1.49963763  1.50634626  1.51305674  1.51976864
  1.5264815   1.53319488  1.53990832  1.54662136  1.55333355  1.5600444
  1.56675345  1.57346023  1.58016423  1.58686499  1.593562    1.60025477
  1.6069428   1.61362557  1.62030259  1.62697333  1.63363728  1.6402939
  1.64694268  1.65358308  1.66021455  1.66683657  1.67344859  1.68005005
  1.6866404   1.69321909  1.69978555  1.70633923  1.71287954  1.71940592
  1.72591779  1.73241457  1.73889568  1.74536054  1.75180854  1.75823911
  1.76465164  1.77104553  1.77742018  1.783775    1.79010936  1.79642266
  1.80271429  1.80898362  1.81523005  1.82145296  1.82765171  1.83382569
  1.83997427  1.84609682  1.85219271  1.85826132  1.86430199  1.87031412
  1.87629705  1.88225015  1.88817278  1.8940643   1.89992408  1.90575147
  1.91154584  1.91730654  1.92303293  1.92872437  1.93438021  1.93999982
  1.94558256  1.95112779  1.95663485  1.96210313  1.96753197  1.97292074
  1.9782688   1.98357553  1.98884028  1.99406242  1.99924132  2.00437636
  2.00946691  2.01451234  2.01951204  2.02446538  2.02937174  2.03423052
  2.0390411   2.04380288  2.04851525  2.0531776   2.05778935  2.0623499
  2.06685866  2.07131504  2.07571847  2.08006836  2.08436414  2.08860525
  2.09279112  2.0969212   2.10099493  2.10501176  2.10897116  2.11287258
  2.1167155   2.12049939  2.12422373  2.12788802  2.13149174  2.1350344
  2.1385155   2.14193456  2.1452911   2.14858464  2.15181473  2.1549809
  2.15808271  2.16111972  2.16409149  2.16699759  2.1698376   2.17261113
  2.17531776  2.17795711  2.18052878  2.1830324   2.18546762  2.18783406
  2.19013137  2.19235923  2.1945173   2.19660526  2.19862279  2.2005696
  2.20244539  2.20424989  2.20598281  2.20764389  2.20923289  2.21074956
  2.21219367  2.21356499  2.21486332  2.21608845  2.21724019  2.21831837
  2.21932281  2.22025336  2.22110986  2.22189219  2.2226002   2.2232338
  2.22379287  2.22427732  2.22468707  2.22502205  2.22528219  2.22546745
  2.22557778  2.22561317  2.2255736   2.22545905  2.22526954  2.22500509
  2.22466572  2.22425147  2.2237624   2.22319856  2.22256003  2.22184689
  2.22105924  2.22019718  2.21926083  2.21825033  2.2171658   2.21600739
  2.21477528  2.21346963  2.21209061  2.21063843  2.20911329  2.2075154
  2.20584499  2.20410229  2.20228754  2.200401    2.19844294  2.19641363
  2.19431335  2.19214241  2.18990111  2.18758976  2.18520868  2.18275822
  2.18023871  2.17765051  2.17499397  2.17226948  2.1694774   2.16661814
  2.16369207  2.16069962  2.1576412   2.15451723  2.15132813  2.14807436
  2.14475635  2.14137456  2.13792946  2.13442152  2.1308512   2.12721901
  2.12352542  2.11977094  2.11595607  2.11208133  2.10814724  2.10415432
  2.1001031   2.09599412  2.09182792  2.08760506  2.08332609  2.07899157
  2.07460206  2.07015814  2.06566038  2.06110937  2.05650568  2.05184991
  2.04714265  2.04238451  2.03757608  2.03271797  2.02781079  2.02285515
  2.01785167  2.01280098  2.00770369  2.00256043  1.99737184  1.99213853
  1.98686115  1.98154033  1.97617672  1.97077094  1.96532365  1.95983549
  1.9543071   1.94873912  1.94313222  1.93748703  1.93180421  1.92608441
  1.92032828  1.91453646  1.90870962  1.9028484   1.89695347  1.89102546
  1.88506503  1.87907283  1.87304952  1.86699574  1.86091215  1.85479939
  1.84865811  1.84248896  1.83629257  1.83006961  1.8238207   1.81754649
  1.81124762  1.80492473  1.79857844  1.79220939  1.78581822  1.77940555
  1.772972    1.76651821  1.76004478  1.75355234  1.74704151  1.74051289
  1.73396709  1.72740473  1.72082639  1.71423269  1.70762421  1.70100156
  1.69436531  1.68771605  1.68105437  1.67438085  1.66769605  1.66100054
  1.6542949   1.64757968  1.64085544  1.63412273  1.62738211  1.62063411
  1.61387929  1.60711817  1.60035128  1.59357915  1.58680231  1.58002127
  1.57323655  1.56644864  1.55965807  1.55286531  1.54607088  1.53927525
  1.53247892  1.52568235  1.51888603  1.51209042  1.50529599  1.49850319
  1.49171248  1.48492431  1.47813912  1.47135734  1.46457943  1.45780579
  1.45103685  1.44427304  1.43751476  1.43076242  1.42401642  1.41727716
  1.41054503  1.40382042  1.3971037   1.39039526  1.38369547  1.37700468
  1.37032327  1.36365158  1.35698996  1.35033876  1.34369832  1.33706897
  1.33045104  1.32384486  1.31725074  1.31066899  1.30409994  1.29754387
  1.29100108  1.28447188  1.27795655  1.27145536  1.26496861  1.25849655
  1.25203947  1.24559762  1.23917126  1.23276065  1.22636603  1.21998765
  1.21362575  1.20728055  1.2009523   1.19464122  1.18834752  1.18207142
  1.17581313  1.16957286  1.16335081  1.15714718  1.15096216  1.14479594
  1.1386487   1.13252063  1.12641189  1.12032267  1.11425311  1.1082034
  1.10217368  1.09616412  1.09017486  1.08420604  1.07825782  1.07233032
  1.06642368  1.06053804  1.05467351  1.04883022  1.0430083   1.03720785
  1.03142899  1.02567181  1.01993644  1.01422297  1.00853149  1.0028621
  0.99721488  0.99158994  0.98598734  0.98040716  0.97484949  0.9693144
  0.96380196  0.95831223  0.95284527  0.94740116  0.94197994  0.93658167
  0.9312064   0.92585419  0.92052506  0.91521908  0.90993627  0.90467668
  0.89944034  0.89422729  0.88903754  0.88387113  0.87872808  0.87360841
  0.86851214  0.86343929  0.85838988  0.8533639   0.84836138  0.84338231
  0.83842671  0.83349457  0.8285859   0.8237007   0.81883895  0.81400065
  0.8091858   0.80439438  0.79962638  0.79488179  0.79016059  0.78546277
  0.78078829  0.77613715  0.77150931  0.76690475  0.76232345  0.75776537
  0.75323048  0.74871876  0.74423016  0.73976466  0.73532222  0.73090279
  0.72650634  0.72213282  0.7177822   0.71345443  0.70914946  0.70486725
  0.70060774  0.6963709   0.69215666  0.68796498  0.68379581  0.67964908
  0.67552475  0.67142275  0.66734304  0.66328554  0.65925021  0.65523698
  0.65124578  0.64727657  0.64332926  0.63940381  0.63550013  0.63161818
  0.62775787  0.62391914  0.62010193  0.61630616  0.61253177  0.60877867
  0.60504681  0.6013361   0.59764648  0.59397787  0.5903302   0.58670339
  0.58309737  0.57951206  0.57594738  0.57240326  0.56887961  0.56537637
  0.56189345  0.55843078  0.55498826  0.55156583  0.5481634   0.5447809
  0.54141823  0.53807533  0.5347521   0.53144846  0.52816434  0.52489965
  0.52165431  0.51842823  0.51522133  0.51203352  0.50886472  0.50571486
  0.50258383  0.49947156  0.49637797  0.49330296  0.49024645  0.48720836
  0.48418861  0.48118709  0.47820374  0.47523846  0.47229117  0.46936179
  0.46645022  0.46355637  0.46068018  0.45782154  0.45498037  0.45215658
  0.4493501   0.44656083  0.44378868  0.44103357  0.43829542  0.43557414
  0.43286964  0.43018183  0.42751064  0.42485596  0.42221773  0.41959585
  0.41699024  0.41440081  0.41182747  0.40927015  0.40672875  0.4042032
  0.4016934   0.39919927  0.39672072  0.39425769  0.39181006  0.38937778
  0.38696074  0.38455887  0.38217209  0.3798003   0.37744343  0.37510139
  0.37277411  0.37046149  0.36816347  0.36587994] [ 0.12053182  0.12122529  0.12192313  0.12262536  0.12333202  0.12404314
  0.12475874  0.12547885  0.12620351  0.12693274  0.12766658  0.12840505
  0.12914819  0.12989603  0.1306486   0.13140592  0.13216804  0.13293498
  0.13370677  0.13448346  0.13526506  0.13605161  0.13684315  0.13763971
  0.13844132  0.13924801  0.14005983  0.14087679  0.14169894  0.14252632
  0.14335895  0.14419687  0.14504011  0.14588872  0.14674272  0.14760215
  0.14846706  0.14933746  0.15021341  0.15109493  0.15198207  0.15287486
  0.15377334  0.15467754  0.15558751  0.15650328  0.15742489  0.15835238
  0.15928578  0.16022514  0.1611705   0.1621219   0.16307937  0.16404295
  0.16501269  0.16598862  0.1669708   0.16795925  0.16895402  0.16995514
  0.17096268  0.17197665  0.17299712  0.17402411  0.17505767  0.17609785
  0.17714469  0.17819823  0.17925852  0.1803256   0.18139951  0.1824803
  0.18356802  0.1846627   0.18576441  0.18687317  0.18798904  0.18911206
  0.19024228  0.19137975  0.19252452  0.19367662  0.19483612  0.19600305
  0.19717747  0.19835943  0.19954896  0.20074613  0.20195098  0.20316356
  0.20438393  0.20561212  0.2068482   0.20809222  0.20934421  0.21060425
  0.21187237  0.21314863  0.21443308  0.21572578  0.21702678  0.21833613
  0.21965388  0.2209801   0.22231482  0.22365812  0.22501003  0.22637062
  0.22773995  0.22911806  0.23050502  0.23190088  0.2333057   0.23471953
  0.23614244  0.23757447  0.23901569  0.24046615  0.24192592  0.24339505
  0.2448736   0.24636163  0.2478592   0.24936637  0.25088321  0.25240976
  0.2539461   0.25549228  0.25704836  0.25861441  0.26019049  0.26177666
  0.26337299  0.26497953  0.26659636  0.26822352  0.2698611   0.27150915
  0.27316774  0.27483693  0.27651678  0.27820737  0.27990876  0.28162102
  0.28334421  0.28507839  0.28682364  0.28858002  0.29034761  0.29212646
  0.29391665  0.29571825  0.29753132  0.29935593  0.30119216  0.30304007
  0.30489974  0.30677123  0.30865461  0.31054996  0.31245734  0.31437683
  0.31630851  0.31825243  0.32020868  0.32217733  0.32415844  0.3261521
  0.32815838  0.33017735  0.33220908  0.33425366  0.33631114  0.33838162
  0.34046516  0.34256184  0.34467173  0.34679492  0.34893147  0.35108147
  0.35324498  0.3554221   0.35761289  0.35981743  0.36203579  0.36426807
  0.36651433  0.36877466  0.37104913  0.37333781  0.3756408   0.37795817
  0.38029     0.38263636  0.38499734  0.38737302  0.38976348  0.39216879
  0.39458905  0.39702432  0.3994747   0.40194025  0.40442107  0.40691723
  0.40942881  0.41195591  0.41449859  0.41705694  0.41963104  0.42222098
  0.42482684  0.42744869  0.43008662  0.43274072  0.43541107  0.43809774
  0.44080082  0.4435204   0.44625656  0.44900938  0.45177894  0.45456532
  0.45736862  0.4601889   0.46302627  0.46588078  0.46875255  0.47164163
  0.47454812  0.4774721   0.48041365  0.48337286  0.48634981  0.48934457
  0.49235724  0.4953879   0.49843662  0.50150349  0.50458859  0.50769201
  0.51081383  0.51395412  0.51711297  0.52029046  0.52348667  0.52670168
  0.52993557  0.53318843  0.53646033  0.53975135  0.54306157  0.54639108
  0.54973994  0.55310825  0.55649607  0.55990348  0.56333057  0.56677741
  0.57024408  0.57373064  0.57723719  0.58076379  0.58431052  0.58787745
  0.59146466  0.59507223  0.59870021  0.6023487   0.60601775  0.60970744
  0.61341784  0.61714903  0.62090106  0.62467401  0.62846795  0.63228295
  0.63611906  0.63997637  0.64385492  0.64775479  0.65167604  0.65561874
  0.65958294  0.6635687   0.6675761   0.67160517  0.67565599  0.67972862
  0.6838231   0.68793949  0.69207785  0.69623824  0.70042069  0.70462527
  0.70885202  0.713101    0.71737225  0.72166581  0.72598174  0.73032007
  0.73468085  0.73906413  0.74346993  0.74789831  0.75234929  0.75682291
  0.76131921  0.76583822  0.77037997  0.77494449  0.77953182  0.78414197
  0.78877497  0.79343084  0.79810962  0.80281131  0.80753593  0.81228351
  0.81705405  0.82184757  0.82666409  0.8315036   0.83636612  0.84125165
  0.84616019  0.85109175  0.85604633  0.86102392  0.86602451  0.8710481
  0.87609469  0.88116425  0.88625677  0.89137224  0.89651064  0.90167194
  0.90685613  0.91206317  0.91729304  0.92254571  0.92782114  0.9331193
  0.93844014  0.94378363  0.94914972  0.95453837  0.95994951  0.96538311
  0.97083911  0.97631744  0.98181804  0.98734085  0.99288581  0.99845284
  1.00404186  1.0096528   1.01528559  1.02094013  1.02661634  1.03231413
  1.0380334   1.04377407  1.04953602  1.05531916  1.06112338  1.06694856
  1.0727946   1.07866137  1.08454876  1.09045664  1.09638487  1.10233333
  1.10830188  1.11429038  1.12029869  1.12632665  1.13237412  1.13844093
  1.14452694  1.15063196  1.15675584  1.16289841  1.16905948  1.17523888
  1.18143641  1.1876519   1.19388514  1.20013594  1.2064041   1.2126894
  1.21899165  1.22531061  1.23164607  1.23799781  1.2443656   1.2507492
  1.25714837  1.26356288  1.26999246  1.27643688  1.28289586  1.28936916
  1.29585649  1.3023576   1.3088722   1.31540001  1.32194075  1.32849412
  1.33505982  1.34163757  1.34822704  1.35482793  1.36143992  1.36806269
  1.37469591  1.38133926  1.38799239  1.39465497  1.40132664  1.40800706
  1.41469587  1.42139271  1.4280972   1.43480899  1.44152768  1.44825291
  1.45498427  1.46172138  1.46846385  1.47521125  1.4819632   1.48871928
  1.49547906  1.50224213  1.50900805  1.5157764   1.52254673  1.52931861
  1.53609157  1.54286517  1.54963896  1.55641246  1.56318521  1.56995673
  1.57672655  1.58349419  1.59025915  1.59702094  1.60377907  1.61053304
  1.61728233  1.62402644  1.63076484  1.63749702  1.64422246  1.65094062
  1.65765098  1.66435298  1.67104609  1.67772976  1.68440345  1.69106659
  1.69771862  1.70435899  1.71098712  1.71760245  1.72420439  1.73079238
  1.73736582  1.74392414  1.75046673  1.75699302  1.76350239  1.76999426
  1.77646802  1.78292307  1.78935878  1.79577456  1.80216979  1.80854385
  1.81489612  1.82122598  1.8275328   1.83381596  1.84007482  1.84630876
  1.85251713  1.85869931  1.86485466  1.87098254  1.8770823   1.88315331
  1.88919492  1.89520649  1.90118737  1.90713692  1.91305448  1.91893942
  1.92479107  1.9306088   1.93639195  1.94213988  1.94785193  1.95352745
  1.9591658   1.96476633  1.97032838  1.97585132  1.98133449  1.98677726
  1.99217897  1.99753898  2.00285665  2.00813134  2.01336242  2.01854924
  2.02369117  2.02878758  2.03383784  2.03884133  2.04379741  2.04870547
  2.05356489  2.05837505  2.06313533  2.06784514  2.07250387  2.07711091
  2.08166567  2.08616755  2.09061596  2.09501033  2.09935007  2.1036346
  2.10786335  2.11203577  2.11615128  2.12020934  2.1242094   2.1281509
  2.13203332  2.13585613  2.13961879  2.14332078  2.14696161  2.15054075
  2.15405772  2.15751201  2.16090314  2.16423064  2.16749403  2.17069286
  2.17382665  2.17689498  2.17989739  2.18283346  2.18570276  2.18850487
  2.1912394   2.19390594  2.1965041   2.19903349  2.20149376  2.20388454
  2.20620546  2.2084562   2.21063641  2.21274576  2.21478395  2.21675067
  2.21864561  2.2204685   2.22221905  2.22389701  2.22550211  2.22703411
  2.22849277  2.22987788  2.2311892   2.23242655  2.23358973  2.23467855
  2.23569284  2.23663245  2.23749722  2.23828701  2.2390017   2.23964117
  2.24020531  2.24069404  2.24110725  2.24144489  2.24170689  2.2418932
  2.24200378  2.24203861  2.24199767  2.24188095  2.24168847  2.24142023
  2.24107627  2.24065663  2.24016136  2.23959052  2.23894419  2.23822245
  2.2374254   2.23655315  2.23560581  2.23458352  2.23348642  2.23231465
  2.23106838  2.2297478   2.22835307  2.22688439  2.22534198  2.22372605
  2.22203683  2.22027455  2.21843946  2.21653183  2.21455192  2.21250001
  2.21037639  2.20818136  2.20591523  2.20357832  2.20117096  2.19869349
  2.19614625  2.1935296   2.19084392  2.18808957  2.18526694  2.18237644
  2.17941845  2.17639339  2.17330168  2.17014375  2.16692005  2.163631
  2.16027707  2.15685872  2.15337642  2.14983064  2.14622187  2.1425506
  2.13881733  2.13502256  2.13116682  2.12725061  2.12327446  2.11923891
  2.1151445   2.11099176  2.10678126  2.10251355  2.09818919  2.09380875
  2.0893728   2.08488192  2.0803367   2.07573773  2.07108559  2.06638089
  2.06162423  2.05681621  2.05195744  2.04704855  2.04209015  2.03708285
  2.0320273   2.0269241   2.0217739   2.01657733  2.01133503  2.00604764
  2.00071579  1.99534014  1.98992134  1.98446002  1.97895684  1.97341245
  1.96782752  1.96220268  1.9565386   1.95083594  1.94509535  1.93931749
  1.93350303  1.92765261  1.92176691  1.91584658  1.90989229  1.90390469
  1.89788444  1.89183221  1.88574865  1.87963442  1.87349017  1.86731658
  1.86111428  1.85488394  1.84862621  1.84234173  1.83603117  1.82969516
  1.82333436  1.8169494   1.81054094  1.80410961  1.79765604  1.79118088
  1.78468476  1.77816831  1.77163215  1.76507692  1.75850322  1.75191169
  1.74530293  1.73867757  1.7320362   1.72537944  1.71870789  1.71202214
  1.70532279  1.69861044  1.69188567  1.68514907  1.6784012   1.67164266
  1.66487402  1.65809583  1.65130867  1.64451308  1.63770964  1.63089889
  1.62408136  1.61725762  1.61042818  1.60359359  1.59675437  1.58991105
  1.58306413  1.57621415  1.56936159  1.56250698  1.5556508   1.54879354
  1.54193571  1.53507778  1.52822022  1.52136352  1.51450814  1.50765455
  1.50080319  1.49395453  1.48710902  1.48026709  1.47342917  1.46659572
  1.45976714  1.45294386  1.4461263   1.43931487  1.43250997  1.425712
  1.41892136  1.41213844  1.40536362  1.39859728  1.3918398   1.38509153
  1.37835285  1.37162411  1.36490567  1.35819787  1.35150105  1.34481555
  1.33814171  1.33147984  1.32483027  1.31819331  1.31156928  1.30495848
  1.2983612   1.29177775  1.28520842  1.27865349  1.27211323  1.26558793
  1.25907786  1.25258327  1.24610443  1.23964159  1.23319501  1.22676493
  1.22035159  1.21395522  1.20757605  1.20121432  1.19487024  1.18854402
  1.18223589  1.17594605  1.16967469  1.16342202  1.15718824  1.15097353
  1.14477807  1.13860205  1.13244564  1.12630901  1.12019234  1.11409578
  1.10801949  1.10196363  1.09592834  1.08991378  1.08392008  1.07794739
  1.07199584  1.06606555  1.06015666  1.05426929  1.04840355  1.04255957
  1.03673744  1.03093729  1.02515921  1.0194033   1.01366966  1.00795839
  1.00226957  0.99660328  0.99095962  0.98533866  0.97974048  0.97416515
  0.96861273  0.9630833   0.95757692  0.95209364  0.94663353  0.94119664
  0.93578302  0.93039272  0.92502578  0.91968224  0.91436214  0.90906553
  0.90379243  0.89854287  0.89331689  0.8881145   0.88293573  0.87778061
  0.87264914  0.86754135  0.86245725  0.85739684  0.85236014  0.84734715
  0.84235788  0.83739232  0.83245048  0.82753235  0.82263793  0.81776721
  0.81292017  0.80809682  0.80329713  0.79852109  0.79376868  0.78903988
  0.78433468  0.77965304  0.77499495  0.77036037  0.76574928  0.76116165
  0.75659744  0.75205662  0.74753917  0.74304503  0.73857418  0.73412657
  0.72970216  0.72530091  0.72092277  0.71656771  0.71223567  0.7079266
  0.70364046  0.69937719  0.69513674  0.69091907  0.68672411  0.68255181
  0.67840211  0.67427496  0.67017029  0.66608805  0.66202817  0.6579906
  0.65397527  0.64998211  0.64601107  0.64206207  0.63813505  0.63422994
  0.63034667  0.62648518  0.62264539  0.61882724  0.61503064  0.61125554
  0.60750185  0.6037695   0.60005843  0.59636854  0.59269977  0.58905205
  0.58542529  0.58181942  0.57823435  0.57467002  0.57112634  0.56760323
  0.56410061  0.56061841  0.55715653  0.55371491  0.55029346  0.54689209
  0.54351072  0.54014928  0.53680768  0.53348583  0.53018365  0.52690105
  0.52363796  0.52039429  0.51716995  0.51396486  0.51077893  0.50761208
  0.50446421  0.50133526  0.49822512  0.49513372  0.49206096  0.48900676
  0.48597104  0.4829537   0.47995466  0.47697383  0.47401113  0.47106647
  0.46813976  0.46523091  0.46233984  0.45946646  0.45661068  0.45377242
  0.45095158  0.44814809  0.44536184  0.44259277  0.43984077  0.43710576
  0.43438766  0.43168638  0.42900182  0.42633391  0.42368256  0.42104768
  0.41842918  0.41582698  0.41324099  0.41067112  0.40811729  0.40557942
  0.40305741  0.40055118  0.39806065  0.39558573  0.39312634  0.39068238
  0.38825379  0.38584046  0.38344232  0.38105928  0.37869126  0.37633817
  0.37399994  0.37167647  0.36936769  0.36707351] [ 0.12081058  0.12150625  0.12220631  0.12291078  0.1236197   0.12433309
  0.12505099  0.12577342  0.12650042  0.12723201  0.12796822  0.12870909
  0.12945465  0.13020493  0.13095995  0.13171976  0.13248437  0.13325384
  0.13402818  0.13480742  0.13559162  0.13638078  0.13717495  0.13797417
  0.13877845  0.13958785  0.14040239  0.1412221   0.14204702  0.14287719
  0.14371264  0.1445534   0.14539952  0.14625102  0.14710794  0.14797031
  0.14883818  0.14971159  0.15059055  0.15147512  0.15236533  0.15326122
  0.15416282  0.15507018  0.15598333  0.1569023   0.15782715  0.1587579
  0.1596946   0.16063728  0.16158599  0.16254076  0.16350164  0.16446866
  0.16544186  0.1664213   0.167407    0.168399    0.16939736  0.17040211
  0.1714133   0.17243096  0.17345513  0.17448587  0.17552322  0.17656721
  0.1776179   0.17867532  0.17973952  0.18081055  0.18188844  0.18297325
  0.18406502  0.18516379  0.18626962  0.18738254  0.18850261  0.18962986
  0.19076436  0.19190613  0.19305524  0.19421173  0.19537565  0.19654704
  0.19772596  0.19891245  0.20010657  0.20130835  0.20251786  0.20373515
  0.20496025  0.20619323  0.20743413  0.20868301  0.20993992  0.2112049
  0.21247802  0.21375932  0.21504886  0.21634669  0.21765286  0.21896743
  0.22029045  0.22162198  0.22296206  0.22431076  0.22566813  0.22703422
  0.2284091   0.22979281  0.23118542  0.23258698  0.23399754  0.23541717
  0.23684592  0.23828386  0.23973103  0.2411875   0.24265332  0.24412856
  0.24561328  0.24710753  0.24861138  0.25012488  0.2516481   0.2531811
  0.25472393  0.25627667  0.25783937  0.25941209  0.2609949   0.26258786
  0.26419104  0.26580449  0.26742829  0.26906249  0.27070716  0.27236237
  0.27402818  0.27570465  0.27739186  0.27908987  0.28079873  0.28251853
  0.28424933  0.2859912   0.28774419  0.28950839  0.29128386  0.29307067
  0.29486888  0.29667857  0.29849981  0.30033266  0.3021772   0.30403349
  0.30590162  0.30778164  0.30967363  0.31157766  0.3134938   0.31542213
  0.31736272  0.31931563  0.32128096  0.32325875  0.3252491   0.32725208
  0.32926775  0.3312962   0.33333749  0.33539171  0.33745893  0.33953922
  0.34163266  0.34373933  0.3458593   0.34799265  0.35013946  0.3522998
  0.35447375  0.35666139  0.35886279  0.36107805  0.36330722  0.3655504
  0.36780765  0.37007907  0.37236473  0.3746647   0.37697908  0.37930793
  0.38165134  0.38400939  0.38638216  0.38876973  0.39117218  0.39358959
  0.39602205  0.39846964  0.40093243  0.40341051  0.40590396  0.40841287
  0.41093731  0.41347737  0.41603313  0.41860467  0.42119208  0.42379544
  0.42641483  0.42905034  0.43170205  0.43437004  0.4370544   0.4397552
  0.44247254  0.4452065   0.44795716  0.4507246   0.45350892  0.45631018
  0.45912848  0.46196391  0.46481653  0.46768645  0.47057374  0.47347848
  0.47640077  0.47934068  0.4822983   0.48527371  0.48826699  0.49127824
  0.49430753  0.49735495  0.50042057  0.50350449  0.50660679  0.50972754
  0.51286684  0.51602476  0.51920139  0.52239681  0.5256111   0.52884435
  0.53209663  0.53536802  0.53865862  0.5419685   0.54529773  0.54864641
  0.5520146   0.5554024   0.55880987  0.5622371   0.56568417  0.56915116
  0.57263814  0.57614519  0.57967238  0.58321981  0.58678753  0.59037563
  0.59398418  0.59761326  0.60126294  0.60493329  0.60862439  0.61233631
  0.61606912  0.6198229   0.62359771  0.62739362  0.6312107   0.63504903
  0.63890867  0.64278968  0.64669214  0.6506161   0.65456164  0.65852881
  0.66251769  0.66652833  0.67056079  0.67461514  0.67869143  0.68278972
  0.68691008  0.69105255  0.69521719  0.69940406  0.70361322  0.7078447
  0.71209857  0.71637487  0.72067366  0.72499497  0.72933887  0.73370538
  0.73809456  0.74250645  0.74694109  0.75139852  0.75587878  0.7603819
  0.76490792  0.76945688  0.77402881  0.77862373  0.78324168  0.78788269
  0.79254678  0.79723398  0.8019443   0.80667778  0.81143443  0.81621426
  0.82101729  0.82584355  0.83069303  0.83556575  0.84046172  0.84538094
  0.85032342  0.85528916  0.86027815  0.86529041  0.87032591  0.87538467
  0.88046666  0.88557187  0.8907003   0.89585193  0.90102674  0.9062247
  0.9114458   0.91669001  0.9219573   0.92724765  0.93256101  0.93789736
  0.94325665  0.94863884  0.95404389  0.95947176  0.96492239  0.97039573
  0.97589172  0.98141031  0.98695144  0.99251504  0.99810105  1.00370938
  1.00933998  1.01499276  1.02066765  1.02636456  1.0320834   1.03782408
  1.04358652  1.0493706   1.05517625  1.06100334  1.06685178  1.07272145
  1.07861224  1.08452402  1.09045669  1.09641011  1.10238416  1.10837869
  1.11439358  1.12042868  1.12648385  1.13255894  1.1386538   1.14476827
  1.15090219  1.1570554   1.16322772  1.16941898  1.17562901  1.18185762
  1.18810463  1.19436985  1.20065308  1.20695413  1.21327278  1.21960884
  1.22596209  1.23233231  1.23871928  1.24512277  1.25154256  1.25797841
  1.26443008  1.27089732  1.27737988  1.28387752  1.29038996  1.29691695
  1.30345822  1.31001349  1.31658249  1.32316493  1.32976052  1.33636897
  1.34298998  1.34962325  1.35626847  1.36292532  1.36959349  1.37627265
  1.38296247  1.38966262  1.39637277  1.40309256  1.40982165  1.41655968
  1.42330629  1.43006112  1.4368238   1.44359395  1.45037119  1.45715514
  1.4639454   1.47074158  1.47754328  1.48435009  1.49116161  1.4979774
  1.50479706  1.51162015  1.51844624  1.52527489  1.53210567  1.53893812
  1.54577179  1.55260623  1.55944097  1.56627554  1.57310947  1.57994228
  1.58677349  1.59360261  1.60042914  1.6072526   1.61407248  1.62088827
  1.62769946  1.63450553  1.64130596  1.64810023  1.6548878   1.66166814
  1.66844071  1.67520496  1.68196035  1.68870633  1.69544233  1.7021678
  1.70888218  1.71558488  1.72227534  1.72895298  1.73561721  1.74226746
  1.74890314  1.75552365  1.76212839  1.76871677  1.77528818  1.78184202
  1.78837767  1.79489453  1.80139198  1.80786939  1.81432616  1.82076164
  1.82717522  1.83356626  1.83993414  1.84627822  1.85259785  1.85889241
  1.86516125  1.87140372  1.87761919  1.883807    1.88996651  1.89609707
  1.90219802  1.90826872  1.91430851  1.92031673  1.92629273  1.93223586
  1.93814545  1.94402086  1.94986142  1.95566647  1.96143537  1.96716744
  1.97286204  1.9785185   1.98413618  1.98971441  1.99525254  2.00074991
  2.00620589  2.0116198   2.01699101  2.02231886  2.02760271  2.03284191
  2.03803583  2.04318382  2.04828523  2.05333945  2.05834583  2.06330375
  2.06821257  2.07307168  2.07788046  2.08263828  2.08734453  2.09199861
  2.09659991  2.10114783  2.10564177  2.11008114  2.11446535  2.11879382
  2.12306597  2.12728123  2.13143902  2.1355388   2.13958     2.14356206
  2.14748446  2.15134664  2.15514807  2.15888823  2.1625666   2.16618267
  2.16973593  2.17322588  2.17665202  2.18001388  2.18331098  2.18654284
  2.18970902  2.19280904  2.19584247  2.19880886  2.20170779  2.20453885
  2.2073016   2.20999566  2.21262062  2.21517611  2.21766174  2.22007714
  2.22242196  2.22469584  2.22689846  2.22902947  2.23108856  2.23307542
  2.23498975  2.23683125  2.23859966  2.24029468  2.24191608  2.2434636
  2.24493699  2.24633604  2.24766052  2.24891023  2.25008498  2.25118457
  2.25220883  2.2531576   2.25403074  2.25482809  2.25554953  2.25619493
  2.25676421  2.25725724  2.25767396  2.25801429  2.25827816  2.25846553
  2.25857636  2.25861062  2.25856829  2.25844936  2.25825386  2.25798178
  2.25763317  2.25720807  2.25670652  2.25612859  2.25547435  2.2547439
  2.25393733  2.25305475  2.25209628  2.25106205  2.24995221  2.24876691
  2.24750631  2.2461706   2.24475995  2.24327458  2.24171468  2.24008048
  2.23837221  2.2365901   2.23473442  2.23280543  2.23080339  2.22872859
  2.22658134  2.22436192  2.22207065  2.21970786  2.21727388  2.21476906
  2.21219375  2.20954831  2.20683311  2.20404854  2.20119498  2.19827284
  2.19528253  2.19222446  2.18909906  2.18590676  2.18264801  2.17932326
  2.17593297  2.1724776   2.16895764  2.16537356  2.16172587  2.15801505
  2.15424161  2.15040606  2.14650893  2.14255075  2.13853204  2.13445334
  2.13031521  2.12611819  2.12186284  2.11754974  2.11317944  2.10875252
  2.10426958  2.09973118  2.09513793  2.09049042  2.08578925  2.08103503
  2.07622837  2.07136989  2.06646019  2.06149992  2.05648968  2.05143012
  2.04632186  2.04116554  2.03596181  2.0307113   2.02541466  2.02007254
  2.0146856   2.00925447  2.00377983  1.99826232  1.9927026   1.98710134
  1.9814592   1.97577684  1.97005492  1.96429412  1.95849509  1.95265851
  1.94678505  1.94087536  1.93493013  1.92895002  1.92293569  1.91688782
  1.91080707  1.90469412  1.89854963  1.89237426  1.88616868  1.87993357
  1.87366957  1.86737735  1.86105758  1.85471091  1.848338    1.84193951
  1.83551608  1.82906839  1.82259706  1.81610275  1.80958611  1.80304778
  1.7964884   1.7899086   1.78330903  1.77669031  1.77005307  1.76339794
  1.75672554  1.7500365   1.74333142  1.73661092  1.72987562  1.7231261
  1.71636299  1.70958687  1.70279833  1.69599798  1.68918639  1.68236415
  1.67553184  1.66869002  1.66183928  1.65498016  1.64811324  1.64123907
  1.63435821  1.62747119  1.62057856  1.61368086  1.60677862  1.59987237
  1.59296264  1.58604993  1.57913477  1.57221766  1.56529911  1.55837961
  1.55145966  1.54453974  1.53762034  1.53070194  1.52378501  1.51687001
  1.50995741  1.50304767  1.49614123  1.48923855  1.48234006  1.4754462
  1.46855739  1.46167408  1.45479666  1.44792557  1.4410612   1.43420396
  1.42735425  1.42051246  1.41367898  1.40685419  1.40003846  1.39323218
  1.38643569  1.37964937  1.37287357  1.36610864  1.35935492  1.35261275
  1.34588247  1.3391644   1.33245887  1.32576619  1.31908668  1.31242064
  1.30576838  1.2991302   1.29250638  1.28589721  1.27930297  1.27272395
  1.26616041  1.25961261  1.25308082  1.2465653   1.2400663   1.23358406
  1.22711882  1.22067083  1.2142403   1.20782748  1.20143258  1.19505582
  1.18869741  1.18235757  1.17603648  1.16973436  1.1634514   1.15718778
  1.1509437   1.14471933  1.13851485  1.13233042  1.12616623  1.12002243
  1.11389918  1.10779664  1.10171495  1.09565427  1.08961473  1.08359647
  1.07759964  1.07162435  1.06567074  1.05973892  1.05382902  1.04794115
  1.04207542  1.03623194  1.03041081  1.02461214  1.01883601  1.01308253
  1.00735177  1.00164383  0.99595879  0.99029673  0.98465772  0.97904183
  0.97344914  0.9678797   0.96233359  0.95681086  0.95131157  0.94583577
  0.9403835   0.93495483  0.92954978  0.92416841  0.91881075  0.91347684
  0.90816671  0.90288038  0.8976179   0.89237927  0.88716453  0.88197369
  0.87680677  0.87166379  0.86654475  0.86144967  0.85637855  0.85133139
  0.84630821  0.841309    0.83633376  0.83138248  0.82645515  0.82155178
  0.81667234  0.81181683  0.80698523  0.80217753  0.7973937   0.79263372
  0.78789758  0.78318524  0.77849669  0.77383189  0.76919082  0.76457343
  0.75997971  0.75540961  0.7508631   0.74634015  0.7418407   0.73736472
  0.73291218  0.72848301  0.72407719  0.71969466  0.71533537  0.71099928
  0.70668633  0.70239647  0.69812965  0.69388582  0.68966491  0.68546688
  0.68129166  0.67713919  0.67300942  0.66890228  0.66481771  0.66075565
  0.65671603  0.65269879  0.64870387  0.64473118  0.64078068  0.63685228
  0.63294592  0.62906152  0.62519903  0.62135835  0.61753943  0.61374219
  0.60996655  0.60621244  0.60247978  0.5987685   0.59507851  0.59140975
  0.58776214  0.58413559  0.58053002  0.57694536  0.57338153  0.56983845
  0.56631603  0.56281419  0.55933285  0.55587193  0.55243134  0.54901101
  0.54561085  0.54223077  0.53887069  0.53553052  0.53221019  0.5289096
  0.52562867  0.52236731  0.51912544  0.51590297  0.51269982  0.50951589
  0.50635111  0.50320538  0.50007862  0.49697073  0.49388164  0.49081125
  0.48775948  0.48472623  0.48171143  0.47871498  0.47573679  0.47277677
  0.46983485  0.46691092  0.46400491  0.46111672  0.45824626  0.45539344
  0.45255819  0.4497404   0.44694     0.44415688  0.44139097  0.43864218
  0.43591041  0.43319559  0.43049761  0.4278164   0.42515187  0.42250392
  0.41987248  0.41725745  0.41465874  0.41207628  0.40950997  0.40695972
  0.40442545  0.40190707  0.3994045   0.39691764  0.39444642  0.39199075
  0.38955054  0.3871257   0.38471616  0.38232182  0.3799426   0.37757841
  0.37522918  0.37289482  0.37057524  0.36827036] [ 0.12108977  0.12178765  0.12248994  0.12319666  0.12390784  0.12462352
  0.12534372  0.12606847  0.12679781  0.12753176  0.12827036  0.12901364
  0.12976162  0.13051434  0.13127183  0.13203412  0.13280125  0.13357324
  0.13435013  0.13513195  0.13591873  0.13671052  0.13750733  0.1383092
  0.13911618  0.13992828  0.14074555  0.14156802  0.14239572  0.1432287
  0.14406697  0.14491059  0.14575958  0.14661398  0.14747382  0.14833915
  0.14921     0.1500864   0.1509684   0.15185602  0.15274931  0.15364831
  0.15455305  0.15546356  0.1563799   0.1573021   0.15823019  0.15916421
  0.16010421  0.16105022  0.16200229  0.16296045  0.16392474  0.16489521
  0.16587189  0.16685483  0.16784407  0.16883965  0.16984161  0.17084999
  0.17186483  0.17288619  0.17391409  0.17494859  0.17598973  0.17703755
  0.17809209  0.17915341  0.18022153  0.18129652  0.18237841  0.18346725
  0.18456309  0.18566596  0.18677592  0.18789302  0.18901729  0.1901488
  0.19128757  0.19243367  0.19358714  0.19474803  0.19591638  0.19709225
  0.19827568  0.19946672  0.20066543  0.20187185  0.20308604  0.20430804
  0.2055379   0.20677568  0.20802142  0.20927518  0.21053702  0.21180697
  0.2130851   0.21437146  0.21566611  0.21696908  0.21828044  0.21960025
  0.22092856  0.22226541  0.22361087  0.224965    0.22632784  0.22769946
  0.2290799   0.23046923  0.23186751  0.23327478  0.23469112  0.23611657
  0.23755119  0.23899505  0.24044819  0.24191069  0.2433826   0.24486397
  0.24635488  0.24785537  0.24936552  0.25088538  0.252415    0.25395447
  0.25550383  0.25706314  0.25863248  0.26021191  0.26180147  0.26340125
  0.26501131  0.2666317   0.2682625   0.26990376  0.27155556  0.27321795
  0.27489101  0.2765748   0.27826938  0.27997483  0.28169121  0.28341859
  0.28515703  0.2869066   0.28866738  0.29043942  0.29222281  0.2940176
  0.29582387  0.29764169  0.29947113  0.30131225  0.30316514  0.30502985
  0.30690647  0.30879506  0.31069569  0.31260844  0.31453338  0.31647059
  0.31842013  0.32038207  0.32235651  0.3243435   0.32634312  0.32835545
  0.33038056  0.33241853  0.33446943  0.33653333  0.33861032  0.34070048
  0.34280386  0.34492057  0.34705066  0.34919422  0.35135133  0.35352206
  0.35570649  0.35790471  0.36011678  0.3623428   0.36458283  0.36683696
  0.36910526  0.37138782  0.37368472  0.37599603  0.37832185  0.38066224
  0.38301729  0.38538708  0.3877717   0.39017122  0.39258572  0.39501529
  0.39746001  0.39991997  0.40239524  0.40488591  0.40739206  0.40991377
  0.41245113  0.41500422  0.41757313  0.42015793  0.42275871  0.42537556
  0.42800856  0.4306578   0.43332335  0.4360053   0.43870375  0.44141876
  0.44415043  0.44689884  0.44966408  0.45244622  0.45524537  0.45806159
  0.46089498  0.46374562  0.46661359  0.46949899  0.47240189  0.47532238
  0.47826054  0.48121647  0.48419024  0.48718194  0.49019166  0.49321948
  0.49626548  0.49932975  0.50241237  0.50551343  0.50863302  0.51177121
  0.51492809  0.51810374  0.52129825  0.5245117   0.52774418  0.53099576
  0.53426653  0.53755658  0.54086598  0.54419481  0.54754317  0.55091113
  0.55429876  0.55770617  0.56113341  0.56458058  0.56804774  0.571535
  0.57504241  0.57857007  0.58211804  0.58568641  0.58927525  0.59288465
  0.59651467  0.60016539  0.6038369   0.60752925  0.61124254  0.61497682
  0.61873218  0.62250869  0.62630642  0.63012543  0.63396581  0.63782761
  0.64171092  0.64561579  0.6495423   0.65349051  0.65746049  0.6614523
  0.66546601  0.66950168  0.67355938  0.67763916  0.68174109  0.68586522
  0.69001162  0.69418034  0.69837144  0.70258498  0.706821    0.71107957
  0.71536073  0.71966455  0.72399105  0.72834031  0.73271236  0.73710725
  0.74152502  0.74596572  0.75042939  0.75491608  0.75942581  0.76395864
  0.76851459  0.77309371  0.77769602  0.78232156  0.78697035  0.79164244
  0.79633784  0.80105657  0.80579868  0.81056417  0.81535306  0.82016538
  0.82500114  0.82986036  0.83474305  0.83964922  0.84457888  0.84953204
  0.8545087   0.85950887  0.86453254  0.86957972  0.8746504   0.87974457
  0.88486224  0.89000338  0.89516798  0.90035604  0.90556753  0.91080243
  0.91606072  0.92134239  0.92664739  0.9319757   0.93732728  0.94270211
  0.94810015  0.95352134  0.95896566  0.96443306  0.96992348  0.97543687
  0.98097318  0.98653235  0.99211433  0.99771904  1.00334642  1.0089964
  1.0146689   1.02036386  1.02608119  1.0318208   1.03758262  1.04336654
  1.04917249  1.05500036  1.06085005  1.06672146  1.07261448  1.07852901
  1.08446492  1.09042209  1.09640042  1.10239976  1.10842     1.114461
  1.12052262  1.12660472  1.13270715  1.13882978  1.14497243  1.15113496
  1.15731721  1.16351901  1.16974019  1.17598057  1.18223998  1.18851824
  1.19481516  1.20113055  1.20746421  1.21381594  1.22018554  1.2265728
  1.2329775   1.23939943  1.24583837  1.25229409  1.25876635  1.26525492
  1.27175955  1.27828001  1.28481603  1.29136737  1.29793376  1.30451494
  1.31111064  1.31772057  1.32434447  1.33098204  1.337633    1.34429704
  1.35097387  1.35766318  1.36436467  1.37107801  1.37780289  1.38453897
  1.39128593  1.39804343  1.40481113  1.41158868  1.41837573  1.42517192
  1.4319769   1.43879028  1.4456117   1.45244078  1.45927714  1.46612038
  1.47297012  1.47982595  1.48668747  1.49355427  1.50042593  1.50730204
  1.51418216  1.52106587  1.52795273  1.53484229  1.54173412  1.54862776
  1.55552275  1.56241863  1.56931494  1.57621119  1.58310692  1.59000164
  1.59689487  1.6037861   1.61067485  1.61756061  1.62444287  1.63132112
  1.63819484  1.64506352  1.65192662  1.65878362  1.66563397  1.67247714
  1.67931258  1.68613974  1.69295807  1.699767    1.70656599  1.71335445
  1.72013182  1.72689751  1.73365096  1.74039158  1.74711878  1.75383196
  1.76053054  1.76721391  1.77388147  1.78053262  1.78716673  1.79378321
  1.80038144  1.80696079  1.81352063  1.82006036  1.82657933  1.83307691
  1.83955247  1.84600538  1.85243499  1.85884066  1.86522174  1.87157759
  1.87790756  1.88421101  1.89048726  1.89673568  1.90295561  1.90914638
  1.91530734  1.92143783  1.92753719  1.93360475  1.93963985  1.94564183
  1.95161002  1.95754376  1.96344238  1.96930522  1.9751316   1.98092087
  1.98667236  1.99238541  1.99805934  2.0036935   2.00928722  2.01483985
  2.02035071  2.02581915  2.03124451  2.03662614  2.04196338  2.04725558
  2.05250208  2.05770225  2.06285542  2.06796096  2.07301823  2.07802659
  2.0829854   2.08789404  2.09275187  2.09755827  2.10231261  2.10701429
  2.11166268  2.11625718  2.12079718  2.12528209  2.1297113   2.13408423
  2.13840029  2.1426589   2.14685949  2.15100147  2.15508431  2.15910742
  2.16307026  2.16697229  2.17081296  2.17459175  2.17830812  2.18196155
  2.18555154  2.18907757  2.19253915  2.19593579  2.19926699  2.2025323
  2.20573123  2.20886333  2.21192815  2.21492524  2.21785417  2.2207145
  2.22350583  2.22622774  2.22887984  2.23146172  2.23397301  2.23641334
  2.23878234  2.24107966  2.24330495  2.24545788  2.24753813  2.24954538
  2.25147932  2.25333967  2.25512613  2.25683844  2.25847633  2.26003955
  2.26152785  2.26294101  2.2642788   2.26554102  2.26672747  2.26783796
  2.26887231  2.26983036  2.27071195  2.27151695  2.27224522  2.27289663
  2.27347109  2.27396849  2.27438875  2.27473179  2.27499756  2.275186
  2.27529706  2.27533073  2.27528699  2.27516583  2.27496726  2.2746913
  2.27433797  2.27390733  2.27339941  2.2728143   2.27215206  2.27141278
  2.27059656  2.26970352  2.26873377  2.26768745  2.26656471  2.2653657
  2.26409059  2.26273956  2.26131279  2.2598105   2.25823289  2.25658018
  2.25485262  2.25305044  2.25117391  2.24922328  2.24719884  2.24510087
  2.24292967  2.24068556  2.23836884  2.23597985  2.23351892  2.23098641
  2.22838267  2.22570807  2.22296299  2.22014782  2.21726295  2.21430879
  2.21128575  2.20819425  2.20503474  2.20180764  2.19851342  2.19515252
  2.19172542  2.18823258  2.1846745   2.18105166  2.17736455  2.1736137
  2.1697996   2.16592277  2.16198376  2.15798308  2.15392129  2.14979892
  2.14561654  2.14137469  2.13707396  2.13271491  2.12829812  2.12382417
  2.11929366  2.11470717  2.11006531  2.10536868  2.1006179   2.09581357
  2.09095631  2.08604676  2.08108552  2.07607325  2.07101056  2.06589811
  2.06073652  2.05552646  2.05026856  2.04496347  2.03961186  2.03421437
  2.02877167  2.02328442  2.01775329  2.01217893  2.00656202  2.00090322
  1.99520321  1.98946266  1.98368223  1.97786262  1.97200448  1.9661085
  1.96017536  1.95420572  1.94820027  1.94215969  1.93608464  1.92997581
  1.92383388  1.91765952  1.9114534   1.90521621  1.89894861  1.89265127
  1.88632488  1.87997009  1.87358759  1.86717803  1.86074208  1.8542804
  1.84779366  1.84128252  1.83474764  1.82818966  1.82160925  1.81500705
  1.80838371  1.80173988  1.79507619  1.7883933   1.78169183  1.77497241
  1.76823568  1.76148227  1.7547128   1.74792788  1.74112813  1.73431417
  1.7274866   1.72064603  1.71379306  1.70692828  1.70005229  1.69316568
  1.68626903  1.67936291  1.67244792  1.6655246   1.65859355  1.6516553
  1.64471043  1.63775949  1.63080301  1.62384155  1.61687565  1.60990583
  1.60293263  1.59595657  1.58897816  1.58199792  1.57501637  1.56803399
  1.5610513   1.55406878  1.54708691  1.54010619  1.53312709  1.52615009
  1.51917563  1.5122042   1.50523624  1.49827221  1.49131254  1.48435769
  1.47740807  1.47046413  1.46352628  1.45659495  1.44967053  1.44275345
  1.4358441   1.42894288  1.42205018  1.41516639  1.40829187  1.40142701
  1.39457218  1.38772774  1.38089404  1.37407144  1.36726029  1.36046092
  1.35367368  1.34689889  1.34013688  1.33338797  1.32665247  1.31993069
  1.31322295  1.30652953  1.29985073  1.29318683  1.28653813  1.2799049
  1.27328741  1.26668594  1.26010073  1.25353206  1.24698017  1.24044531
  1.23392772  1.22742765  1.22094532  1.21448097  1.20803481  1.20160707
  1.19519795  1.18880767  1.18243643  1.17608443  1.16975187  1.16343894
  1.15714581  1.15087268  1.14461972  1.13838711  1.132175    1.12598357
  1.11981297  1.11366336  1.10753489  1.1014277   1.09534194  1.08927776
  1.08323527  1.07721461  1.07121591  1.0652393   1.05928488  1.05335277
  1.04744309  1.04155594  1.03569143  1.02984964  1.02403069  1.01823467
  1.01246165  1.00671173  1.00098499  0.9952815   0.98960135  0.9839446
  0.97831132  0.97270157  0.96711543  0.96155294  0.95601417  0.95049916
  0.94500797  0.93954063  0.9340972   0.92867772  0.92328221  0.91791073
  0.91256329  0.90723993  0.90194068  0.89666555  0.89141457  0.88618776
  0.88098513  0.8758067   0.87065248  0.86552247  0.86041669  0.85533513
  0.8502778   0.8452447   0.84023582  0.83525115  0.8302907   0.82535445
  0.82044239  0.8155545   0.81069077  0.80585119  0.80103572  0.79624435
  0.79147706  0.78673382  0.78201461  0.77731938  0.77264812  0.76800079
  0.76337736  0.75877779  0.75420203  0.74965007  0.74512184  0.74061732
  0.73613645  0.73167919  0.7272455   0.72283533  0.71844862  0.71408533
  0.7097454   0.70542879  0.70113543  0.69686527  0.69261826  0.68839433
  0.68419343  0.68001549  0.67586046  0.67172827  0.66761886  0.66353217
  0.65946812  0.65542665  0.65140769  0.64741119  0.64343705  0.63948523
  0.63555563  0.6316482   0.62776287  0.62389954  0.62005816  0.61623865
  0.61244093  0.60866493  0.60491057  0.60117777  0.59746645  0.59377653
  0.59010794  0.5864606   0.58283442  0.57922932  0.57564523  0.57208205
  0.56853972  0.56501814  0.56151723  0.5580369   0.55457709  0.55113769
  0.54771862  0.5443198   0.54094115  0.53758257  0.53424398  0.5309253
  0.52762644  0.5243473   0.52108781  0.51784788  0.51462741  0.51142633
  0.50824453  0.50508194  0.50193847  0.49881402  0.49570851  0.49262184
  0.48955394  0.48650471  0.48347406  0.48046191  0.47746816  0.47449272
  0.4715355   0.46859642  0.46567539  0.46277231  0.4598871   0.45701967
  0.45416993  0.45133778  0.44852314  0.44572592  0.44294604  0.44018339
  0.4374379   0.43470947  0.43199801  0.42930344  0.42662566  0.42396459
  0.42132015  0.41869223  0.41608075  0.41348563  0.41090677  0.4083441
  0.40579751  0.40326693  0.40075226  0.39825342  0.39577032  0.39330288
  0.390851    0.38841461  0.38599361  0.38358792  0.38119745  0.37882213
  0.37646185  0.37411654  0.37178612  0.36947049] [ 0.12136941  0.1220695   0.12277402  0.12348299  0.12419644  0.12491441
  0.12563692  0.126364    0.12709569  0.12783201  0.128573    0.12931868
  0.13006909  0.13082426  0.13158422  0.13234901  0.13311865  0.13389318
  0.13467263  0.13545703  0.13624642  0.13704082  0.13784028  0.13864483
  0.13945449  0.14026931  0.14108932  0.14191455  0.14274504  0.14358083
  0.14442194  0.14526841  0.14612028  0.14697759  0.14784037  0.14870866
  0.1495825   0.15046191  0.15134694  0.15223763  0.15313401  0.15403612
  0.15494401  0.15585769  0.15677723  0.15770265  0.15863399  0.1595713
  0.16051461  0.16146396  0.1624194   0.16338096  0.16434868  0.1653226
  0.16630278  0.16728923  0.16828202  0.16928118  0.17028674  0.17129877
  0.17231729  0.17334235  0.17437399  0.17541226  0.17645721  0.17750886
  0.17856728  0.17963249  0.18070456  0.18178352  0.18286942  0.1839623
  0.18506222  0.1861692   0.18728332  0.1884046   0.1895331   0.19066886
  0.19181193  0.19296237  0.19412021  0.19528551  0.19645831  0.19763867
  0.19882663  0.20002225  0.20122556  0.20243663  0.20365551  0.20488224
  0.20611687  0.20735947  0.20861007  0.20986873  0.21113551  0.21241045
  0.21369362  0.21498505  0.21628481  0.21759295  0.21890953  0.22023459
  0.2215682   0.2229104   0.22426126  0.22562083  0.22698916  0.22836632
  0.22975236  0.23114733  0.23255129  0.23396431  0.23538643  0.23681772
  0.23825824  0.23970804  0.24116718  0.24263573  0.24411374  0.24560128
  0.24709839  0.24860516  0.25012162  0.25164786  0.25318392  0.25472988
  0.25628579  0.25785171  0.25942771  0.26101386  0.26261021  0.26421684
  0.2658338   0.26746115  0.26909898  0.27074733  0.27240628  0.27407589
  0.27575623  0.27744736  0.27914935  0.28086227  0.28258619  0.28432118
  0.28606729  0.28782461  0.2895932   0.29137312  0.29316446  0.29496727
  0.29678163  0.29860761  0.30044528  0.30229472  0.30415598  0.30602915
  0.3079143   0.30981149  0.3117208   0.31364231  0.31557609  0.31752221
  0.31948074  0.32145176  0.32343534  0.32543157  0.3274405   0.32946223
  0.33149682  0.33354435  0.33560489  0.33767853  0.33976534  0.3418654
  0.34397878  0.34610556  0.34824582  0.35039964  0.3525671   0.35474827
  0.35694323  0.35915207  0.36137486  0.36361169  0.36586263  0.36812776
  0.37040716  0.37270092  0.37500911  0.37733182  0.37966913  0.38202111
  0.38438786  0.38676945  0.38916597  0.39157749  0.39400411  0.3964459
  0.39890295  0.40137533  0.40386314  0.40636646  0.40888537  0.41141996
  0.4139703   0.41653649  0.4191186   0.42171673  0.42433096  0.42696137
  0.42960805  0.43227107  0.43495054  0.43764653  0.44035913  0.44308843
  0.4458345   0.44859744  0.45137733  0.45417426  0.45698831  0.45981957
  0.46266812  0.46553406  0.46841746  0.47131842  0.47423702  0.47717334
  0.48012747  0.4830995   0.48608951  0.48909759  0.49212383  0.49516831
  0.49823112  0.50131233  0.50441205  0.50753035  0.51066731  0.51382304
  0.5169976   0.52019108  0.52340357  0.52663516  0.52988592  0.53315595
  0.53644532  0.53975412  0.54308243  0.54643034  0.54979793  0.55318528
  0.55659247  0.56001959  0.56346672  0.56693394  0.57042133  0.57392897
  0.57745694  0.58100532  0.58457419  0.58816364  0.59177373  0.59540455
  0.59905617  0.60272867  0.60642213  0.61013663  0.61387223  0.61762902
  0.62140707  0.62520645  0.62902724  0.6328695   0.63673331  0.64061874
  0.64452587  0.64845475  0.65240547  0.65637808  0.66037266  0.66438926
  0.66842797  0.67248883  0.67657193  0.68067731  0.68480504  0.68895518
  0.69312779  0.69732293  0.70154066  0.70578104  0.71004412  0.71432995
  0.71863859  0.7229701   0.72732452  0.7317019   0.73610229  0.74052575
  0.74497231  0.74944202  0.75393492  0.75845106  0.76299048  0.76755322
  0.77213931  0.77674879  0.7813817   0.78603806  0.79071792  0.7954213
  0.80014823  0.80489873  0.80967283  0.81447056  0.81929194  0.82413698
  0.82900571  0.83389813  0.83881427  0.84375413  0.84871773  0.85370508
  0.85871617  0.86375102  0.86880962  0.87389198  0.87899809  0.88412795
  0.88928155  0.89445889  0.89965994  0.9048847   0.91013315  0.91540527
  0.92070104  0.92602044  0.93136344  0.93673     0.94212011  0.94753372
  0.9529708   0.9584313   0.96391519  0.96942242  0.97495294  0.9805067
  0.98608365  0.99168372  0.99730687  1.00295301  1.0086221   1.01431405
  1.0200288   1.02576627  1.03152639  1.03730906  1.0431142   1.04894172
  1.05479153  1.06066354  1.06655764  1.07247374  1.07841171  1.08437146
  1.09035286  1.09635581  1.10238017  1.10842583  1.11449265  1.1205805
  1.12668925  1.13281874  1.13896884  1.1451394   1.15133026  1.15754127
  1.16377226  1.17002307  1.17629353  1.18258346  1.18889269  1.19522102
  1.20156829  1.20793428  1.21431881  1.22072168  1.22714267  1.23358159
  1.24003821  1.24651232  1.25300369  1.25951209  1.26603729  1.27257905
  1.27913714  1.28571129  1.29230126  1.2989068   1.30552763  1.31216349
  1.31881411  1.32547922  1.33215852  1.33885173  1.34555857  1.35227872
  1.3590119   1.36575778  1.37251606  1.37928642  1.38606854  1.39286209
  1.39966673  1.40648212  1.41330792  1.42014379  1.42698935  1.43384427
  1.44070816  1.44758066  1.4544614   1.46134998  1.46824603  1.47514915
  1.48205894  1.48897501  1.49589693  1.50282431  1.50975672  1.51669373
  1.52363492  1.53057985  1.53752808  1.54447916  1.55143266  1.55838809
  1.56534502  1.57230297  1.57926147  1.58622003  1.59317819  1.60013545
  1.60709132  1.61404531  1.6209969   1.6279456   1.63489088  1.64183224
  1.64876915  1.65570109  1.66262751  1.66954788  1.67646167  1.68336833
  1.6902673   1.69715803  1.70403995  1.71091252  1.71777514  1.72462726
  1.7314683   1.73829767  1.74511478  1.75191905  1.75870988  1.76548667
  1.77224883  1.77899574  1.7857268   1.79244139  1.79913889  1.80581869
  1.81248017  1.81912269  1.82574562  1.83234833  1.83893019  1.84549056
  1.85202879  1.85854424  1.86503626  1.8715042   1.87794742  1.88436524
  1.89075703  1.89712212  1.90345985  1.90976955  1.91605057  1.92230223
  1.92852388  1.93471484  1.94087444  1.94700201  1.95309688  1.95915838
  1.96518583  1.97117857  1.97713591  1.98305719  1.98894173  1.99478885
  2.00059789  2.00636816  2.012099    2.01778974  2.02343969  2.0290482
  2.03461458  2.04013819  2.04561834  2.05105437  2.05644562  2.06179143
  2.06709113  2.07234408  2.07754962  2.08270709  2.08781584  2.09287524
  2.09788462  2.10284337  2.10775083  2.11260638  2.11740938  2.12215922
  2.12685526  2.1314969   2.13608351  2.14061449  2.14508925  2.14950716
  2.15386766  2.15817014  2.16241402  2.16659873  2.17072369  2.17478834
  2.17879212  2.18273448  2.18661486  2.19043273  2.19418755  2.19787881
  2.20150596  2.20506851  2.20856595  2.21199778  2.21536352  2.21866266
  2.22189476  2.22505932  2.22815591  2.23118406  2.23414335  2.23703332
  2.23985357  2.24260367  2.24528322  2.24789182  2.25042909  2.25289465
  2.25528812  2.25760916  2.2598574   2.26203252  2.26413418  2.26616206
  2.26811586  2.26999527  2.27180002  2.27352981  2.27518439  2.2767635
  2.27826689  2.27969433  2.2810456   2.28232048  2.28351877  2.28464029
  2.28568484  2.28665228  2.28754243  2.28835516  2.28909033  2.28974782
  2.29032753  2.29082934  2.29125318  2.29159897  2.29186664  2.29205615
  2.29216746  2.29220053  2.29215535  2.29203192  2.29183024  2.29155033
  2.29119223  2.29075597  2.2902416   2.28964921  2.28897885  2.28823063
  2.28740464  2.286501    2.28551983  2.28446127  2.28332546  2.28211256
  2.28082275  2.2794562   2.27801311  2.27649368  2.27489814  2.27322669
  2.2714796   2.26965709  2.26775943  2.2657869   2.26373977  2.26161834
  2.2594229   2.25715378  2.25481128  2.25239576  2.24990755  2.247347
  2.24471448  2.24201036  2.23923503  2.23638887  2.23347229  2.23048571
  2.22742954  2.2243042   2.22111015  2.21784783  2.21451769  2.2111202
  2.20765583  2.20412506  2.20052838  2.1968663   2.1931393   2.18934792
  2.18549266  2.18157406  2.17759264  2.17354896  2.16944355  2.16527698
  2.16104981  2.1567626   2.15241592  2.14801037  2.14354652  2.13902497
  2.13444632  2.12981116  2.1251201   2.12037377  2.11557277  2.11071772
  2.10580927  2.10084803  2.09583464  2.09076975  2.08565399  2.08048802
  2.07527247  2.07000802  2.06469531  2.059335    2.05392777  2.04847426
  2.04297516  2.03743112  2.03184283  2.02621096  2.02053618  2.01481918
  2.00906062  2.0032612   1.99742159  1.99154248  1.98562456  1.97966849
  1.97367498  1.9676447   1.96157834  1.95547659  1.94934013  1.94316965
  1.93696584  1.93072937  1.92446093  1.91816121  1.91183088  1.90547063
  1.89908113  1.89266308  1.88621713  1.87974397  1.87324428  1.86671872
  1.86016796  1.85359267  1.84699352  1.84037117  1.83372628  1.82705951
  1.82037151  1.81366294  1.80693445  1.80018668  1.79342027  1.78663587
  1.77983412  1.77301564  1.76618107  1.75933104  1.75246616  1.74558706
  1.73869435  1.73178864  1.72487054  1.71794066  1.71099958  1.70404792
  1.69708625  1.69011516  1.68313524  1.67614706  1.66915119  1.66214821
  1.65513867  1.64812313  1.64110215  1.63407627  1.62704605  1.62001201
  1.61297469  1.60593462  1.59889232  1.59184832  1.58480312  1.57775724
  1.57071117  1.56366541  1.55662045  1.54957679  1.54253491  1.53549527
  1.52845835  1.52142462  1.51439453  1.50736854  1.5003471   1.49333065
  1.48631963  1.47931448  1.47231561  1.46532345  1.45833841  1.45136091
  1.44439135  1.43743013  1.43047764  1.42353428  1.41660041  1.40967643
  1.4027627   1.39585958  1.38896744  1.38208664  1.37521752  1.36836042
  1.36151569  1.35468365  1.34786464  1.34105898  1.33426699  1.32748896
  1.32072522  1.31397607  1.30724179  1.30052268  1.29381902  1.28713109
  1.28045918  1.27380354  1.26716444  1.26054214  1.2539369   1.24734896
  1.24077856  1.23422596  1.22769137  1.22117504  1.21467717  1.208198
  1.20173774  1.19529659  1.18887477  1.18247247  1.17608989  1.16972722
  1.16338464  1.15706234  1.15076049  1.14447928  1.13821885  1.13197939
  1.12576105  1.11956398  1.11338834  1.10723427  1.10110192  1.09499142
  1.08890291  1.08283652  1.07679237  1.07077059  1.0647713   1.0587946
  1.05284062  1.04690945  1.0410012   1.03511597  1.02925386  1.02341496
  1.01759935  1.01180712  1.00603835  1.00029312  0.99457151  0.98887358
  0.9831994   0.97754904  0.97192256  0.96632002  0.96074147  0.95518695
  0.94965654  0.94415025  0.93866815  0.93321027  0.92777664  0.9223673
  0.91698229  0.91162162  0.90628533  0.90097343  0.89568595  0.89042291
  0.88518432  0.87997019  0.87478053  0.86961535  0.86447466  0.85935845
  0.85426673  0.8491995   0.84415675  0.83913847  0.83414466  0.8291753
  0.82423039  0.8193099   0.81441382  0.80954213  0.80469482  0.79987185
  0.7950732   0.79029885  0.78554876  0.78082291  0.77612127  0.77144379
  0.76679045  0.7621612   0.75755602  0.75297485  0.74841766  0.7438844
  0.73937503  0.7348895   0.73042776  0.72598976  0.72157546  0.7171848
  0.71281773  0.70847419  0.70415412  0.69985748  0.69558419  0.69133421
  0.68710747  0.68290391  0.67872347  0.67456607  0.67043167  0.66632018
  0.66223155  0.65816571  0.65412259  0.65010211  0.64610421  0.64212882
  0.63817585  0.63424525  0.63033694  0.62645084  0.62258687  0.61874496
  0.61492503  0.61112701  0.60735082  0.60359637  0.5998636   0.59615241
  0.59246273  0.58879447  0.58514756  0.58152191  0.57791744  0.57433407
  0.57077171  0.56723028  0.56370969  0.56020986  0.5567307   0.55327213
  0.54983406  0.5464164   0.54301908  0.53964199  0.53628505  0.53294818
  0.52963129  0.52633429  0.52305708  0.51979959  0.51656172  0.51334338
  0.51014449  0.50696495  0.50380468  0.50066359  0.49754157  0.49443856
  0.49135445  0.48828915  0.48524258  0.48221464  0.47920525  0.4762143
  0.47324173  0.47028742  0.4673513   0.46443326  0.46153323  0.45865111
  0.4557868   0.45294023  0.45011129  0.4472999   0.44450597  0.44172941
  0.43897012  0.43622802  0.43350302  0.43079503  0.42810395  0.4254297
  0.42277218  0.42013132  0.41750701  0.41489918  0.41230773  0.40973256
  0.4071736   0.40463076  0.40210394  0.39959307  0.39709804  0.39461877
  0.39215518  0.38970718  0.38727468  0.38485759  0.38245583  0.38006931
  0.37769794  0.37534164  0.37300033  0.37067391] [ 0.12164948  0.12235179  0.12305855  0.12376977  0.1244855   0.12520577
  0.12593059  0.12666001  0.12739405  0.12813275  0.12887613  0.12962423
  0.13037707  0.1311347   0.13189714  0.13266443  0.13343659  0.13421366
  0.13499567  0.13578266  0.13657466  0.13737169  0.13817381  0.13898103
  0.1397934   0.14061094  0.14143369  0.1422617   0.14309498  0.14393358
  0.14477754  0.14562688  0.14648164  0.14734187  0.14820759  0.14907885
  0.14995567  0.15083811  0.15172619  0.15261995  0.15351943  0.15442467
  0.1553357   0.15625257  0.15717531  0.15810397  0.15903858  0.15997917
  0.16092581  0.16187851  0.16283732  0.16380229  0.16477345  0.16575084
  0.16673451  0.1677245   0.16872084  0.16972359  0.17073278  0.17174846
  0.17277066  0.17379944  0.17483483  0.17587689  0.17692564  0.17798115
  0.17904345  0.18011258  0.1811886   0.18227155  0.18336147  0.1844584
  0.18556241  0.18667353  0.1877918   0.18891728  0.19005002  0.19119006
  0.19233744  0.19349223  0.19465446  0.19582418  0.19700145  0.19818631
  0.19937882  0.20057902  0.20178696  0.20300269  0.20422627  0.20545775
  0.20669718  0.2079446   0.20920008  0.21046366  0.2117354   0.21301534
  0.21430355  0.21560008  0.21690498  0.21821831  0.21954011  0.22087045
  0.22220938  0.22355695  0.22491323  0.22627826  0.22765211  0.22903482
  0.23042647  0.2318271   0.23323677  0.23465555  0.23608349  0.23752064
  0.23896707  0.24042284  0.241888    0.24336262  0.24484676  0.24634047
  0.24784383  0.24935688  0.25087969  0.25241233  0.25395485  0.25550733
  0.25706981  0.25864237  0.26022506  0.26181796  0.26342112  0.26503462
  0.26665851  0.26829286  0.26993774  0.27159321  0.27325933  0.27493619
  0.27662384  0.27832234  0.28003177  0.2817522   0.28348369  0.28522631
  0.28698013  0.28874522  0.29052165  0.29230949  0.29410881  0.29591968
  0.29774216  0.29957634  0.30142228  0.30328005  0.30514974  0.3070314
  0.30892511  0.31083094  0.31274897  0.31467928  0.31662193  0.318577
  0.32054456  0.32252469  0.32451747  0.32652296  0.32854126  0.33057242
  0.33261653  0.33467366  0.3367439   0.33882731  0.34092398  0.34303399
  0.34515741  0.34729431  0.34944479  0.35160891  0.35378677  0.35597843
  0.35818397  0.36040348  0.36263704  0.36488473  0.36714662  0.36942281
  0.37171336  0.37401837  0.37633791  0.37867207  0.38102093  0.38338456
  0.38576306  0.38815651  0.39056499  0.39298857  0.39542736  0.39788143
  0.40035086  0.40283574  0.40533615  0.40785218  0.41038392  0.41293144
  0.41549483  0.41807418  0.42066957  0.4232811   0.42590883  0.42855287
  0.43121329  0.43389019  0.43658364  0.43929374  0.44202057  0.44476422
  0.44752477  0.45030231  0.45309693  0.45590872  0.45873776  0.46158413
  0.46444794  0.46732925  0.47022817  0.47314477  0.47607914  0.47903138
  0.48200157  0.48498979  0.48799613  0.49102068  0.49406353  0.49712476
  0.50020446  0.50330272  0.50641962  0.50955526  0.51270971  0.51588306
  0.5190754   0.52228681  0.52551739  0.52876721  0.53203637  0.53532494
  0.53863302  0.54196068  0.54530801  0.5486751   0.55206204  0.55546889
  0.55889576  0.56234272  0.56580985  0.56929723  0.57280496  0.57633311
  0.57988176  0.58345099  0.58704089  0.59065153  0.594283    0.59793537
  0.60160873  0.60530314  0.60901869  0.61275546  0.61651353  0.62029296
  0.62409383  0.62791623  0.63176022  0.63562587  0.63951327  0.64342248
  0.64735357  0.65130662  0.65528169  0.65927886  0.66329819  0.66733976
  0.67140362  0.67548984  0.67959849  0.68372964  0.68788334  0.69205965
  0.69625865  0.70048039  0.70472493  0.70899232  0.71328263  0.71759591
  0.72193222  0.7262916   0.73067412  0.73507982  0.73950875  0.74396096
  0.7484365   0.75293542  0.75745776  0.76200356  0.76657286  0.77116571
  0.77578215  0.78042221  0.78508593  0.78977334  0.79448447  0.79921937
  0.80397805  0.80876054  0.81356688  0.81839708  0.82325117  0.82812917
  0.83303109  0.83795696  0.84290679  0.84788059  0.85287837  0.85790015
  0.86294593  0.86801572  0.87310951  0.87822731  0.88336912  0.88853493
  0.89372474  0.89893853  0.90417631  0.90943805  0.91472374  0.92003336
  0.9253669   0.93072432  0.9361056   0.94151072  0.94693964  0.95239233
  0.95786876  0.96336887  0.96889264  0.97444002  0.98001096  0.9856054
  0.9912233   0.9968646   1.00252924  1.00821716  1.01392828  1.01966255
  1.02541988  1.03120021  1.03700345  1.04282952  1.04867834  1.05454981
  1.06044385  1.06636036  1.07229924  1.07826038  1.08424368  1.09024903
  1.09627631  1.1023254   1.10839619  1.11448855  1.12060234  1.12673744
  1.13289371  1.139071    1.14526918  1.15148808  1.15772756  1.16398746
  1.17026761  1.17656786  1.18288802  1.18922793  1.1955874   1.20196626
  1.2083643   1.21478135  1.2212172   1.22767165  1.2341445   1.24063553
  1.24714453  1.25367127  1.26021554  1.26677711  1.27335573  1.27995116
  1.28656318  1.29319152  1.29983593  1.30649615  1.31317192  1.31986297
  1.32656902  1.3332898   1.34002502  1.3467744   1.35353763  1.36031442
  1.36710446  1.37390745  1.38072306  1.38755098  1.39439088  1.40124243
  1.40810529  1.41497913  1.42186359  1.42875832  1.43566297  1.44257717
  1.44950055  1.45643275  1.46337337  1.47032203  1.47727835  1.48424193
  1.49121237  1.49818926  1.50517219  1.51216074  1.51915449  1.52615301
  1.53315587  1.54016264  1.54717285  1.55418607  1.56120184  1.56821971
  1.57523919  1.58225983  1.58928115  1.59630266  1.60332389  1.61034432
  1.61736348  1.62438086  1.63139595  1.63840823  1.64541719  1.65242231
  1.65942306  1.6664189   1.67340931  1.68039373  1.68737162  1.69434242
  1.70130559  1.70826055  1.71520675  1.72214361  1.72907056  1.73598701
  1.74289239  1.7497861   1.75666756  1.76353616  1.77039131  1.7772324
  1.78405882  1.79086995  1.79766519  1.80444392  1.8112055   1.81794931
  1.82467472  1.8313811   1.83806781  1.84473421  1.85137965  1.85800349
  1.86460508  1.87118376  1.87773889  1.8842698   1.89077583  1.89725632
  1.90371062  1.91013804  1.91653792  1.9229096   1.9292524   1.93556564
  1.94184865  1.94810076  1.95432128  1.96050955  1.96666486  1.97278656
  1.97887395  1.98492636  1.9909431   1.99692349  2.00286684  2.00877248
  2.01463973  2.02046789  2.02625629  2.03200425  2.03771109  2.04337613
  2.04899869  2.05457809  2.06011366  2.06560473  2.07105062  2.07645067
  2.0818042   2.08711055  2.09236906  2.09757907  2.10273991  2.10785094
  2.1129115   2.11792095  2.12287863  2.12778391  2.13263615  2.13743471
  2.14217897  2.1468683   2.15150208  2.15607969  2.16060052  2.16506397
  2.16946943  2.1738163   2.178104    2.18233194  2.18649954  2.19060622
  2.19465143  2.1986346   2.20255517  2.20641259  2.21020633  2.21393586
  2.21760063  2.22120015  2.22473388  2.22820133  2.231602    2.2349354
  2.23820105  2.24139848  2.24452722  2.24758682  2.25057682  2.2534968
  2.25634631  2.25912494  2.26183229  2.26446793  2.26703149  2.26952258
  2.27194083  2.27428587  2.27655734  2.27875491  2.28087824  2.28292701
  2.2849009   2.28679962  2.28862286  2.29037036  2.29204183  2.29363702
  2.29515568  2.29659757  2.29796247  2.29925017  2.30046044  2.30159312
  2.302648    2.30362493  2.30452375  2.3053443   2.30608646  2.3067501
  2.3073351   2.30784138  2.30826884  2.3086174   2.308887    2.30907759
  2.30918913  2.30922159  2.30917495  2.30904921  2.30884438  2.30856047
  2.30819752  2.30775557  2.30723467  2.3066349   2.30595632  2.30519904
  2.30436315  2.30344878  2.30245603  2.30138506  2.30023602  2.29900905
  2.29770435  2.29632209  2.29486246  2.29332569  2.29171197  2.29002155
  2.28825467  2.28641158  2.28449253  2.28249782  2.28042771  2.27828252
  2.27606253  2.27376808  2.2713995   2.2689571   2.26644126  2.26385232
  2.26119066  2.25845665  2.25565068  2.25277316  2.24982448  2.24680507
  2.24371535  2.24055576  2.23732674  2.23402875  2.23066225  2.22722771
  2.22372562  2.22015645  2.2165207   2.21281889  2.20905151  2.2052191
  2.20132218  2.19736128  2.19333694  2.18924972  2.18510017  2.18088886
  2.17661635  2.17228322  2.16789005  2.16343743  2.15892595  2.15435622
  2.14972884  2.14504442  2.14030358  2.13550694  2.13065512  2.12574876
  2.12078848  2.11577494  2.11070878  2.10559064  2.10042118  2.09520104
  2.0899309   2.08461141  2.07924324  2.07382706  2.06836354  2.06285336
  2.05729718  2.0516957   2.04604958  2.04035952  2.0346262   2.02885031
  2.02303253  2.01717355  2.01127407  2.00533478  1.99935636  1.99333952
  1.98728494  1.98119332  1.97506536  1.96890174  1.96270317  1.95647033
  1.95020392  1.94390464  1.93757317  1.93121021  1.92481644  1.91839256
  1.91193926  1.90545722  1.89894712  1.89240966  1.8858455   1.87925534
  1.87263985  1.8659997   1.85933558  1.85264814  1.84593806  1.83920601
  1.83245264  1.82567862  1.8188846   1.81207125  1.8052392   1.79838911
  1.79152162  1.78463737  1.77773701  1.77082115  1.76389044  1.7569455
  1.74998695  1.74301541  1.73603149  1.72903581  1.72202896  1.71501155
  1.70798418  1.70094743  1.6939019   1.68684817  1.67978682  1.67271842
  1.66564354  1.65856274  1.65147658  1.64438563  1.63729041  1.63019149
  1.6230894   1.61598467  1.60887784  1.60176941  1.59465993  1.58754989
  1.5804398   1.57333017  1.56622149  1.55911426  1.55200896  1.54490607
  1.53780606  1.53070941  1.52361658  1.51652803  1.50944421  1.50236556
  1.49529254  1.48822557  1.48116508  1.47411151  1.46706527  1.46002677
  1.45299642  1.44597462  1.43896177  1.43195827  1.42496449  1.41798082
  1.41100764  1.4040453   1.39709417  1.39015461  1.38322698  1.37631162
  1.36940886  1.36251905  1.35564252  1.34877958  1.34193057  1.33509578
  1.32827554  1.32147014  1.31467988  1.30790505  1.30114594  1.29440283
  1.287676    1.28096571  1.27427224  1.26759584  1.26093677  1.25429528
  1.24767162  1.24106602  1.23447871  1.22790994  1.22135993  1.21482889
  1.20831704  1.20182459  1.19535175  1.18889871  1.18246568  1.17605285
  1.1696604   1.16328851  1.15693737  1.15060715  1.14429801  1.13801012
  1.13174363  1.12549872  1.11927552  1.11307418  1.10689485  1.10073766
  1.09460275  1.08849025  1.08240029  1.07633298  1.07028845  1.06426681
  1.05826816  1.05229263  1.0463403   1.04041129  1.03450567  1.02862355
  1.02276502  1.01693015  1.01111903  1.00533174  0.99956834  0.99382892
  0.98811353  0.98242224  0.97675512  0.97111221  0.96549358  0.95989927
  0.95432933  0.94878381  0.94326275  0.93776618  0.93229415  0.92684668
  0.92142381  0.91602556  0.91065196  0.90530303  0.89997879  0.89467925
  0.88940443  0.88415435  0.878929    0.8737284   0.86855254  0.86340144
  0.85827509  0.85317349  0.84809663  0.8430445   0.8380171   0.8330144
  0.82803641  0.8230831   0.81815445  0.81325045  0.80837106  0.80351628
  0.79868606  0.79388038  0.78909922  0.78434254  0.77961031  0.77490248
  0.77021904  0.76555993  0.76092511  0.75631456  0.75172821  0.74716603
  0.74262797  0.73811398  0.73362402  0.72915802  0.72471595  0.72029775
  0.71590335  0.71153272  0.70718578  0.70286248  0.69856276  0.69428657
  0.69003383  0.68580448  0.68159847  0.67741572  0.67325616  0.66911974
  0.66500639  0.66091602  0.65684858  0.65280399  0.64878218  0.64478308
  0.64080661  0.6368527   0.63292128  0.62901226  0.62512557  0.62126114
  0.61741888  0.61359871  0.60980056  0.60602435  0.60226999  0.59853741
  0.59482652  0.59113724  0.58746948  0.58382316  0.5801982   0.57659452
  0.57301202  0.56945063  0.56591026  0.56239081  0.55889221  0.55541436
  0.55195719  0.54852059  0.54510449  0.54170879  0.53833341  0.53497826
  0.53164324  0.52832827  0.52503326  0.52175812  0.51850276  0.51526708
  0.51205101  0.50885443  0.50567728  0.50251945  0.49938085  0.4962614
  0.493161    0.49007955  0.48701698  0.48397318  0.48094807  0.47794155
  0.47495353  0.47198392  0.46903263  0.46609957  0.46318464  0.46028776
  0.45740883  0.45454776  0.45170445  0.44887883  0.44607079  0.44328024
  0.4405071   0.43775127  0.43501265  0.43229117  0.42958673  0.42689924
  0.4242286   0.42157473  0.41893754  0.41631693  0.41371282  0.41112512
  0.40855373  0.40599858  0.40345956  0.40093659  0.39842958  0.39593844
  0.39346308  0.39100342  0.38855937  0.38613083  0.38371773  0.38131996
  0.37893746  0.37657013  0.37421788  0.37188062] [ 0.12192999  0.12263453  0.12334352  0.12405701  0.12477502  0.12549759
  0.12622473  0.12695649  0.12769289  0.12843397  0.12917975  0.12993027
  0.13068556  0.13144566  0.13221058  0.13298037  0.13375506  0.13453468
  0.13531927  0.13610885  0.13690346  0.13770313  0.13850791  0.13931782
  0.14013289  0.14095316  0.14177867  0.14260945  0.14344554  0.14428696
  0.14513377  0.14598599  0.14684365  0.1477068   0.14857548  0.14944971
  0.15032954  0.151215    0.15210613  0.15300297  0.15390556  0.15481393
  0.15572813  0.15664819  0.15757415  0.15850605  0.15944393  0.16038783
  0.16133779  0.16229385  0.16325606  0.16422444  0.16519905  0.16617992
  0.1671671   0.16816062  0.16916054  0.17016689  0.17117971  0.17219905
  0.17322495  0.17425746  0.17529661  0.17634246  0.17739505  0.17845441
  0.17952061  0.18059367  0.18167365  0.1827606   0.18385455  0.18495556
  0.18606367  0.18717892  0.18830138  0.18943107  0.19056806  0.19171238
  0.1928641   0.19402324  0.19518988  0.19636404  0.19754579  0.19873517
  0.19993224  0.20113703  0.20234962  0.20357003  0.20479834  0.20603458
  0.20727881  0.20853108  0.20979145  0.21105996  0.21233668  0.21362165
  0.21491492  0.21621656  0.21752662  0.21884514  0.22017219  0.22150783
  0.22285209  0.22420506  0.22556677  0.22693728  0.22831666  0.22970496
  0.23110224  0.23250855  0.23392395  0.23534851  0.23678228  0.23822532
  0.23967768  0.24113944  0.24261065  0.24409136  0.24558165  0.24708157
  0.24859118  0.25011055  0.25163973  0.2531788   0.2547278   0.25628682
  0.2578559   0.25943511  0.26102453  0.2626242   0.2642342   0.26585459
  0.26748544  0.26912681  0.27077877  0.27244139  0.27411473  0.27579886
  0.27749384  0.27919975  0.28091665  0.28264461  0.2843837   0.28613399
  0.28789555  0.28966845  0.29145275  0.29324854  0.29505587  0.29687482
  0.29870547  0.30054788  0.30240212  0.30426827  0.3061464   0.30803659
  0.3099389   0.31185342  0.31378021  0.31571934  0.31767091  0.31963496
  0.3216116   0.32360088  0.32560289  0.3276177   0.32964538  0.33168603
  0.3337397   0.33580648  0.33788645  0.33997969  0.34208626  0.34420626
  0.34633976  0.34848684  0.35064758  0.35282205  0.35501035  0.35721254
  0.35942872  0.36165895  0.36390333  0.36616193  0.36843483  0.37072212
  0.37302388  0.37534019  0.37767113  0.38001679  0.38237725  0.3847526
  0.38714291  0.38954827  0.39196876  0.39440447  0.39685549  0.39932189
  0.40180377  0.4043012   0.40681428  0.40934309  0.41188771  0.41444823
  0.41702473  0.41961731  0.42222605  0.42485103  0.42749235  0.43015008
  0.43282432  0.43551515  0.43822266  0.44094694  0.44368808  0.44644615
  0.44922126  0.45201348  0.45482291  0.45764964  0.46049374  0.46335531
  0.46623444  0.46913122  0.47204573  0.47497806  0.4779283   0.48089653
  0.48388286  0.48688736  0.48991012  0.49295123  0.49601078  0.49908886
  0.50218555  0.50530094  0.50843513  0.51158819  0.51476022  0.5179513
  0.52116152  0.52439097  0.52763973  0.53090789  0.53419554  0.53750277
  0.54082966  0.54417629  0.54754276  0.55092914  0.55433553  0.55776201
  0.56120866  0.56467557  0.56816282  0.57167049  0.57519868  0.57874746
  0.58231691  0.58590712  0.58951817  0.59315014  0.59680311  0.60047717
  0.60417239  0.60788884  0.61162663  0.61538581  0.61916646  0.62296868
  0.62679252  0.63063807  0.63450541  0.63839461  0.64230573  0.64623887
  0.65019408  0.65417145  0.65817104  0.66219292  0.66623716  0.67030384
  0.67439301  0.67850476  0.68263914  0.68679621  0.69097605  0.69517872
  0.69940428  0.70365279  0.70792431  0.7122189   0.71653662  0.72087753
  0.72524168  0.72962913  0.73403993  0.73847414  0.7429318   0.74741297
  0.75191769  0.75644601  0.76099798  0.76557365  0.77017305  0.77479622
  0.77944322  0.78411407  0.78880881  0.79352748  0.79827012  0.80303675
  0.8078274   0.81264212  0.81748091  0.82234382  0.82723085  0.83214204
  0.8370774   0.84203696  0.84702072  0.85202871  0.85706093  0.86211739
  0.86719811  0.87230309  0.87743233  0.88258584  0.8877636   0.89296563
  0.89819192  0.90344246  0.90871723  0.91401623  0.91933944  0.92468685
  0.93005843  0.93545417  0.94087403  0.946318    0.95178603  0.9572781
  0.96279418  0.96833422  0.97389818  0.97948602  0.98509769  0.99073314
  0.99639232  1.00207517  1.00778163  1.01351165  1.01926514  1.02504206
  1.03084232  1.03666585  1.04251257  1.04838239  1.05427524  1.06019103
  1.06612965  1.07209103  1.07807505  1.08408161  1.09011061  1.09616193
  1.10223547  1.1083311   1.1144487   1.12058815  1.12674932  1.13293207
  1.13913626  1.14536176  1.15160841  1.15787607  1.16416458  1.17047379
  1.17680353  1.18315364  1.18952394  1.19591426  1.20232442  1.20875423
  1.21520351  1.22167206  1.22815968  1.23466617  1.24119133  1.24773493
  1.25429678  1.26087663  1.26747428  1.27408947  1.28072199  1.28737159
  1.29403803  1.30072104  1.30742039  1.3141358   1.32086701  1.32761375
  1.33437575  1.34115272  1.34794437  1.35475043  1.36157058  1.36840453
  1.37525197  1.38211259  1.38898608  1.3958721   1.40277033  1.40968043
  1.41660207  1.42353491  1.43047859  1.43743276  1.44439705  1.45137111
  1.45835455  1.46534701  1.4723481   1.47935743  1.48637461  1.49339924
  1.50043092  1.50746923  1.51451376  1.52156409  1.52861979  1.53568044
  1.54274558  1.54981479  1.55688761  1.56396359  1.57104227  1.57812318
  1.58520586  1.59228983  1.5993746   1.6064597   1.61354463  1.62062889
  1.62771198  1.6347934   1.64187263  1.64894916  1.65602245  1.66309199
  1.67015724  1.67721766  1.68427271  1.69132185  1.69836451  1.70540014
  1.71242818  1.71944805  1.7264592   1.73346104  1.74045299  1.74743446
  1.75440487  1.76136361  1.7683101   1.77524372  1.78216388  1.78906995
  1.79596133  1.80283739  1.8096975   1.81654106  1.82336741  1.83017593
  1.83696598  1.84373692  1.8504881   1.85721888  1.8639286   1.87061662
  1.87728226  1.88392488  1.89054381  1.89713838  1.90370794  1.9102518
  1.91676929  1.92325975  1.92972248  1.93615683  1.9425621   1.94893761
  1.95528269  1.96159664  1.96787878  1.97412842  1.98034487  1.98652745
  1.99267546  1.99878822  2.00486504  2.01090521  2.01690806  2.02287289
  2.02879901  2.03468573  2.04053236  2.04633821  2.05210259  2.05782481
  2.06350419  2.06914004  2.07473168  2.08027843  2.0857796   2.09123452
  2.09664251  2.10200289  2.10731499  2.11257816  2.1177917   2.12295498
  2.12806732  2.13312806  2.13813656  2.14309216  2.14799422  2.15284209
  2.15763514  2.16237273  2.16705423  2.17167903  2.17624649  2.180756
  2.18520696  2.18959876  2.1939308   2.19820249  2.20241324  2.20656247
  2.2106496   2.21467407  2.21863531  2.22253277  2.22636589  2.23013415
  2.233837    2.23747392  2.24104439  2.24454789  2.24798392  2.25135199
  2.25465161  2.25788229  2.26104358  2.264135    2.2671561   2.27010644
  2.27298557  2.27579309  2.27852856  2.28119158  2.28378175  2.28629868
  2.288742    2.29111133  2.29340632  2.29562662  2.29777188  2.29984179
  2.30183602  2.30375427  2.30559624  2.30736165  2.30905022  2.31066168
  2.3121958   2.31365232  2.31503102  2.31633167  2.31755408  2.31869805
  2.31976338  2.32074992  2.3216575   2.32248597  2.32323519  2.32390505
  2.32449542  2.32500621  2.32543732  2.32578868  2.32606023  2.32625191
  2.32636368  2.32639552  2.3263474   2.32621932  2.32601128  2.32572332
  2.32535546  2.32490774  2.32438022  2.32377296  2.32308606  2.3223196
  2.32147368  2.32054843  2.31954396  2.31846042  2.31729797  2.31605676
  2.31473698  2.3133388   2.31186243  2.31030807  2.30867596  2.30696632
  2.3051794   2.30331546  2.30137476  2.29935758  2.2972642   2.29509494
  2.29285011  2.29053001  2.288135    2.2856654   2.28312158  2.2805039
  2.27781272  2.27504845  2.27221147  2.26930218  2.266321    2.26326835
  2.26014466  2.25695039  2.25368597  2.25035187  2.24694856  2.24347651
  2.23993622  2.23632817  2.23265288  2.22891084  2.22510259  2.22122864
  2.21728954  2.21328583  2.20921805  2.20508676  2.20089253  2.19663592
  2.19231752  2.18793791  2.18349767  2.17899742  2.17443773  2.16981924
  2.16514254  2.16040827  2.15561704  2.15076948  2.14586623  2.14090793
  2.13589522  2.13082875  2.12570917  2.12053715  2.11531334  2.1100384
  2.10471301  2.09933783  2.09391355  2.08844083  2.08292036  2.07735282
  2.0717389   2.06607929  2.06037467  2.05462574  2.04883319  2.04299772
  2.03712003  2.0312008   2.02524075  2.01924057  2.01320097  2.00712264
  2.0010063   1.99485263  1.98866235  1.98243615  1.97617475  1.96987884
  1.96354913  1.95718631  1.9507911   1.94436418  1.93790626  1.93141803
  1.92490019  1.91835344  1.91177848  1.90517598  1.89854665  1.89189117
  1.88521022  1.87850449  1.87177467  1.86502142  1.85824543  1.85144737
  1.84462791  1.83778773  1.83092747  1.82404781  1.8171494   1.81023291
  1.80329897  1.79634824  1.78938136  1.78239898  1.77540173  1.76839024
  1.76136515  1.75432707  1.74727663  1.74021444  1.73314112  1.72605727
  1.7189635   1.7118604   1.70474858  1.69762861  1.69050108  1.68336658
  1.67622568  1.66907894  1.66192693  1.65477022  1.64760935  1.64044488
  1.63327735  1.6261073   1.61893527  1.61176177  1.60458735  1.5974125
  1.59023775  1.58306361  1.57589056  1.56871912  1.56154977  1.554383
  1.54721928  1.54005909  1.53290289  1.52575116  1.51860434  1.51146289
  1.50432725  1.49719787  1.49007517  1.48295959  1.47585154  1.46875145
  1.46165973  1.45457677  1.44750299  1.44043878  1.43338452  1.4263406
  1.41930739  1.41228527  1.4052746   1.39827574  1.39128905  1.38431488
  1.37735356  1.37040544  1.36347085  1.35655011  1.34964356  1.34275149
  1.33587423  1.32901207  1.32216532  1.31533427  1.30851921  1.30172042
  1.29493818  1.28817276  1.28142443  1.27469345  1.26798008  1.26128456
  1.25460716  1.2479481   1.24130762  1.23468595  1.22808333  1.22149997
  1.21493609  1.20839189  1.2018676   1.19536339  1.18887949  1.18241607
  1.17597332  1.16955143  1.16315058  1.15677094  1.15041267  1.14407595
  1.13776093  1.13146776  1.12519661  1.11894762  1.11272092  1.10651666
  1.10033498  1.094176    1.08803984  1.08192664  1.07583651  1.06976956
  1.0637259   1.05770565  1.05170889  1.04573574  1.03978628  1.03386061
  1.02795881  1.02208097  1.01622717  1.01039749  1.00459199  0.99881075
  0.99305384  0.98732131  0.98161323  0.97592966  0.97027064  0.96463623
  0.95902648  0.95344142  0.94788111  0.94234557  0.93683485  0.93134897
  0.92588796  0.92045186  0.91504068  0.90965444  0.90429317  0.89895687
  0.89364557  0.88835927  0.88309798  0.8778617   0.87265044  0.8674642
  0.86230297  0.85716675  0.85205554  0.84696933  0.8419081   0.83687185
  0.83186055  0.82687418  0.82191274  0.8169762   0.81206453  0.80717771
  0.80231571  0.7974785   0.79266605  0.78787833  0.78311531  0.77837694
  0.77366319  0.76897402  0.76430938  0.75966924  0.75505355  0.75046226
  0.74589532  0.7413527   0.73683432  0.73234016  0.72787014  0.72342421
  0.71900233  0.71460442  0.71023044  0.70588033  0.70155401  0.69725143
  0.69297254  0.68871725  0.6844855   0.68027724  0.67609239  0.67193088
  0.66779265  0.66367761  0.65958571  0.65551687  0.65147101  0.64744806
  0.64344794  0.63947059  0.63551591  0.63158385  0.62767431  0.62378722
  0.61992249  0.61608006  0.61225983  0.60846172  0.60468566  0.60093156
  0.59719934  0.59348891  0.58980019  0.58613309  0.58248753  0.57886342
  0.57526068  0.57167922  0.56811895  0.56457978  0.56106163  0.5575644
  0.55408802  0.55063238  0.54719741  0.543783    0.54038907  0.53701554
  0.5336623   0.53032928  0.52701637  0.52372349  0.52045054  0.51719744
  0.51396408  0.51075039  0.50755627  0.50438162  0.50122635  0.49809038
  0.4949736   0.49187593  0.48879728  0.48573754  0.48269663  0.47967446
  0.47667092  0.47368594  0.47071941  0.46777125  0.46484136  0.46192964
  0.45903601  0.45616037  0.45330263  0.4504627   0.44764048  0.44483589
  0.44204882  0.4392792   0.43652691  0.43379188  0.43107402  0.42837322
  0.4256894   0.42302247  0.42037233  0.41773889  0.41512207  0.41252177
  0.4099379   0.40737038  0.4048191   0.40228398  0.39976494  0.39726187
  0.3947747   0.39230333  0.38984768  0.38740764  0.38498315  0.3825741
  0.38018041  0.37780199  0.37543876  0.37309062] [ 0.12221094  0.1229177   0.12362895  0.12434471  0.125065    0.12578987
  0.12651934  0.12725345  0.12799222  0.12873568  0.12948387  0.13023682
  0.13099456  0.13175712  0.13252454  0.13329684  0.13407406  0.13485624
  0.1356434   0.13643558  0.13723282  0.13803514  0.13884258  0.13965518
  0.14047297  0.14129598  0.14212425  0.14295782  0.14379671  0.14464097
  0.14549063  0.14634573  0.14720631  0.14807239  0.14894403  0.14982124
  0.15070408  0.15159258  0.15248677  0.15338671  0.15429241  0.15520393
  0.15612129  0.15704455  0.15797374  0.15890889  0.15985005  0.16079727
  0.16175057  0.16271     0.1636756   0.16464741  0.16562548  0.16660984
  0.16760054  0.16859761  0.16960111  0.17061107  0.17162753  0.17265055
  0.17368016  0.17471641  0.17575934  0.17680899  0.17786542  0.17892866
  0.17999876  0.18107576  0.18215972  0.18325067  0.18434867  0.18545376
  0.18656599  0.1876854   0.18881204  0.18994596  0.19108722  0.19223584
  0.19339189  0.19455542  0.19572647  0.19690509  0.19809133  0.19928525
  0.20048689  0.2016963   0.20291354  0.20413865  0.20537169  0.20661271
  0.20786177  0.2091189   0.21038418  0.21165764  0.21293935  0.21422936
  0.21552772  0.21683449  0.21814972  0.21947346  0.22080578  0.22214672
  0.22349635  0.22485472  0.22622189  0.22759791  0.22898284  0.23037674
  0.23177967  0.23319168  0.23461283  0.23604319  0.23748281  0.23893176
  0.24039008  0.24185785  0.24333512  0.24482195  0.24631841  0.24782456
  0.24934045  0.25086616  0.25240174  0.25394726  0.25550277  0.25706835
  0.25864406  0.26022996  0.26182611  0.26343259  0.26504945  0.26667677
  0.26831461  0.26996303  0.2716221   0.27329189  0.27497246  0.27666389
  0.27836624  0.28007958  0.28180398  0.28353951  0.28528623  0.28704422
  0.28881355  0.29059429  0.2923865   0.29419026  0.29600564  0.29783271
  0.29967155  0.30152223  0.30338481  0.30525937  0.30714599  0.30904474
  0.31095569  0.31287892  0.31481451  0.31676251  0.31872303  0.32069611
  0.32268186  0.32468033  0.32669161  0.32871577  0.3307529   0.33280306
  0.33486634  0.33694281  0.33903256  0.34113565  0.34325218  0.34538222
  0.34752585  0.34968314  0.35185419  0.35403906  0.35623785  0.35845063
  0.36067748  0.36291849  0.36517373  0.36744329  0.36972726  0.37202571
  0.37433872  0.37666639  0.37900879  0.381366    0.38373812  0.38612523
  0.3885274   0.39094473  0.3933773   0.3958252   0.3982885   0.4007673
  0.40326168  0.40577173  0.40829754  0.41083918  0.41339675  0.41597034
  0.41856002  0.4211659   0.42378805  0.42642656  0.42908152  0.43175302
  0.43444115  0.43714599  0.43986763  0.44260616  0.44536167  0.44813425
  0.45092399  0.45373097  0.45655528  0.45939702  0.46225627  0.46513312
  0.46802766  0.47093997  0.47387016  0.4768183   0.47978449  0.48276882
  0.48577137  0.48879223  0.4918315   0.49488927  0.49796561  0.50106062
  0.5041744   0.50730702  0.51045858  0.51362917  0.51681888  0.52002779
  0.52325599  0.52650357  0.52977062  0.53305723  0.53636348  0.53968947
  0.54303527  0.54640099  0.5497867   0.55319249  0.55661844  0.56006466
  0.56353121  0.56701818  0.57052567  0.57405376  0.57760252  0.58117205
  0.58476243  0.58837374  0.59200607  0.5956595   0.5993341   0.60302997
  0.60674719  0.61048583  0.61424597  0.6180277   0.62183109  0.62565623
  0.62950318  0.63337204  0.63726287  0.64117575  0.64511076  0.64906797
  0.65304745  0.65704929  0.66107355  0.6651203   0.66918962  0.67328157
  0.67739622  0.68153365  0.68569392  0.6898771   0.69408325  0.69831244
  0.70256473  0.70684019  0.71113887  0.71546084  0.71980615  0.72417488
  0.72856706  0.73298276  0.73742204  0.74188495  0.74637153  0.75088185
  0.75541595  0.75997388  0.76455569  0.76916142  0.77379112  0.77844483
  0.78312259  0.78782445  0.79255043  0.79730058  0.80207494  0.80687353
  0.81169639  0.81654355  0.82141504  0.82631088  0.83123109  0.83617571
  0.84114476  0.84613824  0.85115618  0.8561986   0.86126551  0.86635692
  0.87147283  0.87661326  0.88177821  0.88696768  0.89218168  0.8974202
  0.90268324  0.90797079  0.91328284  0.91861938  0.92398039  0.92936587
  0.9347758   0.94021014  0.94566888  0.95115199  0.95665944  0.9621912
  0.96774723  0.9733275   0.97893196  0.98456058  0.9902133   0.99589008
  1.00159086  1.0073156   1.01306422  1.01883666  1.02463288  1.03045278
  1.03629631  1.04216339  1.04805394  1.05396787  1.05990511  1.06586557
  1.07184915  1.07785575  1.08388529  1.08993765  1.09601272  1.10211041
  1.10823059  1.11437314  1.12053795  1.12672488  1.13293382  1.13916462
  1.14541714  1.15169125  1.1579868   1.16430363  1.1706416   1.17700054
  1.1833803   1.1897807   1.19620157  1.20264274  1.20910402  1.21558524
  1.22208619  1.22860669  1.23514654  1.24170554  1.24828347  1.25488012
  1.26149528  1.26812872  1.27478021  1.28144953  1.28813644  1.29484068
  1.30156203  1.30830022  1.315055    1.3218261   1.32861326  1.33541621
  1.34223466  1.34906834  1.35591695  1.36278021  1.36965782  1.37654947
  1.38345485  1.39037364  1.39730554  1.40425021  1.41120732  1.41817653
  1.42515752  1.43214991  1.43915338  1.44616755  1.45319206  1.46022655
  1.46727064  1.47432395  1.48138609  1.48845668  1.49553531  1.50262159
  1.5097151   1.51681544  1.52392218  1.5310349   1.53815317  1.54527655
  1.5524046   1.55953688  1.56667293  1.5738123   1.58095451  1.58809911
  1.59524562  1.60239355  1.60954243  1.61669176  1.62384104  1.63098978
  1.63813746  1.64528358  1.65242762  1.65956904  1.66670734  1.67384197
  1.68097239  1.68809806  1.69521843  1.70233295  1.70944106  1.7165422
  1.72363579  1.73072127  1.73779805  1.74486555  1.75192319  1.75897038
  1.76600651  1.77303098  1.7800432   1.78704254  1.7940284   1.80100016
  1.80795719  1.81489887  1.82182457  1.82873366  1.83562549  1.84249943
  1.84935482  1.85619103  1.86300739  1.86980326  1.87657797  1.88333086
  1.89006127  1.89676854  1.90345198  1.91011092  1.9167447   1.92335264
  1.92993404  1.93648823  1.94301453  1.94951225  1.9559807   1.96241919
  1.96882702  1.97520351  1.98154797  1.98785968  1.99413797  2.00038212
  2.00659145  2.01276525  2.01890283  2.02500348  2.0310665   2.0370912
  2.04307688  2.04902283  2.05492836  2.06079277  2.06661536  2.07239543
  2.0781323   2.08382526  2.08947362  2.09507669  2.10063379  2.10614422
  2.1116073   2.11702235  2.12238868  2.12770563  2.1329725   2.13818863
  2.14335336  2.14846601  2.15352593  2.15853244  2.16348491  2.16838268
  2.1732251   2.17801153  2.18274133  2.18741387  2.19202851  2.19658465
  2.20108166  2.20551892  2.20989583  2.2142118   2.21846621  2.22265849
  2.22678805  2.23085432  2.23485672  2.2387947   2.24266769  2.24647515
  2.25021654  2.25389131  2.25749896  2.26103895  2.26451077  2.26791393
  2.27124792  2.27451227  2.2777065   2.28083013  2.2838827   2.28686377
  2.2897729   2.29260964  2.29537358  2.29806431  2.30068141  2.30322451
  2.3056932   2.30808713  2.31040591  2.31264921  2.31481668  2.31690798
  2.3189228   2.32086082  2.32272174  2.32450528  2.32621115  2.3278391
  2.32938885  2.33086018  2.33225284  2.33356662  2.3348013   2.33595669
  2.3370326   2.33802886  2.33894531  2.33978178  2.34053816  2.3412143
  2.3418101   2.34232545  2.34276026  2.34311445  2.34338797  2.34358074
  2.34369274  2.34372393  2.3436743   2.34354385  2.34333257  2.34304049
  2.34266765  2.34221408  2.34167985  2.34106502  2.34036968  2.33959392
  2.33873784  2.33780156  2.33678522  2.33568896  2.33451292  2.33325728
  2.33192222  2.33050792  2.32901459  2.32744243  2.32579169  2.32406258
  2.32225537  2.32037031  2.31840767  2.31636774  2.31425081  2.31205718
  2.30978717  2.30744111  2.30501933  2.30252219  2.29995004  2.29730324
  2.29458219  2.29178727  2.28891888  2.28597743  2.28296334  2.27987704
  2.27671897  2.27348957  2.27018931  2.26681865  2.26337807  2.25986805
  2.25628909  2.25264168  2.24892634  2.24514359  2.24129396  2.23737797
  2.23339617  2.22934911  2.22523735  2.22106145  2.21682199  2.21251954
  2.20815468  2.20372802  2.19924015  2.19469167  2.1900832   2.18541535
  2.18068874  2.175904    2.17106177  2.16616268  2.16120738  2.15619651
  2.15113073  2.1460107   2.14083707  2.13561052  2.13033171  2.12500132
  2.11962002  2.11418849  2.10870742  2.10317749  2.0975994   2.09197384
  2.08630149  2.08058306  2.07481925  2.06901076  2.06315829  2.05726254
  2.05132423  2.04534405  2.03932272  2.03326095  2.02715945  2.02101893
  2.0148401   2.00862367  2.00237035  1.99608086  1.98975591  1.9833962
  1.97700246  1.97057539  1.96411569  1.95762409  1.95110128  1.94454798
  1.93796488  1.9313527   1.92471213  1.91804387  1.91134863  1.90462709
  1.89787996  1.89110792  1.88431166  1.87749188  1.87064925  1.86378446
  1.85689818  1.84999109  1.84306387  1.83611718  1.82915169  1.82216806
  1.81516695  1.80814902  1.80111491  1.79406528  1.78700077  1.77992202
  1.77282967  1.76572434  1.75860666  1.75147726  1.74433676  1.73718577
  1.7300249   1.72285475  1.71567593  1.70848903  1.70129464  1.69409335
  1.68688573  1.67967237  1.67245383  1.66523068  1.65800348  1.65077278
  1.64353914  1.6363031   1.6290652   1.62182597  1.61458594  1.60734563
  1.60010557  1.59286626  1.5856282   1.57839191  1.57115787  1.56392657
  1.55669851  1.54947414  1.54225396  1.53503842  1.52782798  1.52062311
  1.51342425  1.50623184  1.49904632  1.49186813  1.48469768  1.47753541
  1.47038172  1.46323702  1.45610172  1.44897622  1.4418609   1.43475615
  1.42766236  1.42057989  1.41350912  1.4064504   1.3994041   1.39237057
  1.38535014  1.37834317  1.37134999  1.36437092  1.35740629  1.35045642
  1.34352162  1.33660219  1.32969843  1.32281065  1.31593913  1.30908416
  1.30224602  1.29542497  1.28862129  1.28183525  1.27506709  1.26831708
  1.26158546  1.25487247  1.24817835  1.24150333  1.23484765  1.22821151
  1.22159515  1.21499876  1.20842257  1.20186676  1.19533154  1.18881711
  1.18232364  1.17585132  1.16940034  1.16297086  1.15656306  1.1501771
  1.14381313  1.13747132  1.13115182  1.12485478  1.11858033  1.11232862
  1.10609977  1.09989393  1.09371122  1.08755175  1.08141565  1.07530303
  1.069214    1.06314867  1.05710713  1.0510895   1.04509585  1.03912628
  1.03318088  1.02725974  1.02136292  1.01549052  1.00964259  1.00381922
  0.99802046  0.99224637  0.98649703  0.98077248  0.97507278  0.96939797
  0.9637481   0.95812321  0.95252335  0.94694856  0.94139885  0.93587428
  0.93037486  0.92490062  0.91945159  0.91402777  0.9086292   0.90325588
  0.89790783  0.89258505  0.88728756  0.88201535  0.87676843  0.8715468
  0.86635045  0.86117938  0.85603358  0.85091305  0.84581776  0.8407477
  0.83570287  0.83068323  0.82568877  0.82071946  0.81577529  0.81085622
  0.80596222  0.80109327  0.79624932  0.79143036  0.78663634  0.78186722
  0.77712296  0.77240353  0.76770888  0.76303896  0.75839373  0.75377315
  0.74917715  0.7446057   0.74005874  0.73553621  0.73103807  0.72656425
  0.7221147   0.71768936  0.71328817  0.70891106  0.70455798  0.70022886
  0.69592364  0.69164225  0.68738462  0.68315069  0.67894039  0.67475364
  0.67059037  0.66645052  0.66233401  0.65824077  0.65417071  0.65012377
  0.64609987  0.64209893  0.63812088  0.63416563  0.6302331   0.62632322
  0.62243591  0.61857107  0.61472864  0.61090852  0.60711063  0.60333489
  0.59958122  0.59584952  0.59213972  0.58845172  0.58478545  0.5811408
  0.5775177   0.57391606  0.57033578  0.56677679  0.56323898  0.55972227
  0.55622657  0.55275179  0.54929784  0.54586463  0.54245206  0.53906005
  0.5356885   0.53233732  0.52900642  0.5256957   0.52240508  0.51913446
  0.51588374  0.51265284  0.50944166  0.50625011  0.50307809  0.49992552
  0.49679228  0.49367831  0.49058349  0.48750773  0.48445095  0.48141304
  0.47839392  0.47539348  0.47241164  0.4694483   0.46650337  0.46357675
  0.46066835  0.45777808  0.45490584  0.45205153  0.44921507  0.44639636
  0.44359531  0.44081182  0.43804581  0.43529717  0.43256581  0.42985165
  0.42715459  0.42447453  0.42181139  0.41916506  0.41653547  0.41392252
  0.41132612  0.40874616  0.40618258  0.40363526  0.40110413  0.39858909
  0.39609005  0.39360692  0.39113961  0.38868803  0.3862521   0.38383171
  0.38142679  0.37903724  0.37666298  0.37430392]
